<?xml version="1.0" encoding="UTF-8"?>
<testsuite name="ru.stqa.school.addressbook.test.GroupCreationTest" tests="3" skipped="0" failures="0" errors="0" timestamp="2017-12-28T21:29:58" hostname="Marinas-MacBook-Pro.local" time="3.362">
  <properties/>
  <testcase name="testGroupCreation[0](GroupData{id='2147483647', name='test 0'})" classname="ru.stqa.school.addressbook.test.GroupCreationTest" time="1.372"/>
  <testcase name="testGroupCreation[1](GroupData{id='2147483647', name='test 1'})" classname="ru.stqa.school.addressbook.test.GroupCreationTest" time="1.015"/>
  <testcase name="testGroupCreation[2](GroupData{id='2147483647', name='test 2'})" classname="ru.stqa.school.addressbook.test.GroupCreationTest" time="0.973"/>
  <system-out><![CDATA[15:29:58.483 [Test worker] INFO  o.h.h.i.QueryTranslatorFactoryInitiator - HHH000397: Using ASTQueryTranslatorFactory
Hibernate: select groupdata0_.group_id as group_id1_2_, groupdata0_.group_footer as group_fo2_2_, groupdata0_.group_header as group_he3_2_, groupdata0_.group_name as group_na4_2_ from group_list groupdata0_
Hibernate: select contacts0_.group_id as group_id2_0_0_, contacts0_.id as id1_0_0_, contactdat1_.id as id1_1_1_, contactdat1_.address as address2_1_1_, contactdat1_.email as email3_1_1_, contactdat1_.email2 as email4_1_1_, contactdat1_.email3 as email5_1_1_, contactdat1_.firstname as firstnam6_1_1_, contactdat1_.home as home7_1_1_, contactdat1_.lastname as lastname8_1_1_, contactdat1_.mobile as mobile9_1_1_, contactdat1_.work as work10_1_1_ from address_in_groups contacts0_ inner join addressbook contactdat1_ on contacts0_.id=contactdat1_.id where contacts0_.group_id=?
Hibernate: select contacts0_.group_id as group_id2_0_0_, contacts0_.id as id1_0_0_, contactdat1_.id as id1_1_1_, contactdat1_.address as address2_1_1_, contactdat1_.email as email3_1_1_, contactdat1_.email2 as email4_1_1_, contactdat1_.email3 as email5_1_1_, contactdat1_.firstname as firstnam6_1_1_, contactdat1_.home as home7_1_1_, contactdat1_.lastname as lastname8_1_1_, contactdat1_.mobile as mobile9_1_1_, contactdat1_.work as work10_1_1_ from address_in_groups contacts0_ inner join addressbook contactdat1_ on contacts0_.id=contactdat1_.id where contacts0_.group_id=?
Hibernate: select contacts0_.group_id as group_id2_0_0_, contacts0_.id as id1_0_0_, contactdat1_.id as id1_1_1_, contactdat1_.address as address2_1_1_, contactdat1_.email as email3_1_1_, contactdat1_.email2 as email4_1_1_, contactdat1_.email3 as email5_1_1_, contactdat1_.firstname as firstnam6_1_1_, contactdat1_.home as home7_1_1_, contactdat1_.lastname as lastname8_1_1_, contactdat1_.mobile as mobile9_1_1_, contactdat1_.work as work10_1_1_ from address_in_groups contacts0_ inner join addressbook contactdat1_ on contacts0_.id=contactdat1_.id where contacts0_.group_id=?
Hibernate: select groups0_.id as id1_0_0_, groups0_.group_id as group_id2_0_0_, groupdata1_.group_id as group_id1_2_1_, groupdata1_.group_footer as group_fo2_2_1_, groupdata1_.group_header as group_he3_2_1_, groupdata1_.group_name as group_na4_2_1_ from address_in_groups groups0_ inner join group_list groupdata1_ on groups0_.group_id=groupdata1_.group_id where groups0_.id=?
Hibernate: select groups0_.id as id1_0_0_, groups0_.group_id as group_id2_0_0_, groupdata1_.group_id as group_id1_2_1_, groupdata1_.group_footer as group_fo2_2_1_, groupdata1_.group_header as group_he3_2_1_, groupdata1_.group_name as group_na4_2_1_ from address_in_groups groups0_ inner join group_list groupdata1_ on groups0_.group_id=groupdata1_.group_id where groups0_.id=?
Hibernate: select contacts0_.group_id as group_id2_0_0_, contacts0_.id as id1_0_0_, contactdat1_.id as id1_1_1_, contactdat1_.address as address2_1_1_, contactdat1_.email as email3_1_1_, contactdat1_.email2 as email4_1_1_, contactdat1_.email3 as email5_1_1_, contactdat1_.firstname as firstnam6_1_1_, contactdat1_.home as home7_1_1_, contactdat1_.lastname as lastname8_1_1_, contactdat1_.mobile as mobile9_1_1_, contactdat1_.work as work10_1_1_ from address_in_groups contacts0_ inner join addressbook contactdat1_ on contacts0_.id=contactdat1_.id where contacts0_.group_id=?
Hibernate: select contacts0_.group_id as group_id2_0_0_, contacts0_.id as id1_0_0_, contactdat1_.id as id1_1_1_, contactdat1_.address as address2_1_1_, contactdat1_.email as email3_1_1_, contactdat1_.email2 as email4_1_1_, contactdat1_.email3 as email5_1_1_, contactdat1_.firstname as firstnam6_1_1_, contactdat1_.home as home7_1_1_, contactdat1_.lastname as lastname8_1_1_, contactdat1_.mobile as mobile9_1_1_, contactdat1_.work as work10_1_1_ from address_in_groups contacts0_ inner join addressbook contactdat1_ on contacts0_.id=contactdat1_.id where contacts0_.group_id=?
Hibernate: select contacts0_.group_id as group_id2_0_0_, contacts0_.id as id1_0_0_, contactdat1_.id as id1_1_1_, contactdat1_.address as address2_1_1_, contactdat1_.email as email3_1_1_, contactdat1_.email2 as email4_1_1_, contactdat1_.email3 as email5_1_1_, contactdat1_.firstname as firstnam6_1_1_, contactdat1_.home as home7_1_1_, contactdat1_.lastname as lastname8_1_1_, contactdat1_.mobile as mobile9_1_1_, contactdat1_.work as work10_1_1_ from address_in_groups contacts0_ inner join addressbook contactdat1_ on contacts0_.id=contactdat1_.id where contacts0_.group_id=?
Hibernate: select contacts0_.group_id as group_id2_0_0_, contacts0_.id as id1_0_0_, contactdat1_.id as id1_1_1_, contactdat1_.address as address2_1_1_, contactdat1_.email as email3_1_1_, contactdat1_.email2 as email4_1_1_, contactdat1_.email3 as email5_1_1_, contactdat1_.firstname as firstnam6_1_1_, contactdat1_.home as home7_1_1_, contactdat1_.lastname as lastname8_1_1_, contactdat1_.mobile as mobile9_1_1_, contactdat1_.work as work10_1_1_ from address_in_groups contacts0_ inner join addressbook contactdat1_ on contacts0_.id=contactdat1_.id where contacts0_.group_id=?
Hibernate: select contacts0_.group_id as group_id2_0_0_, contacts0_.id as id1_0_0_, contactdat1_.id as id1_1_1_, contactdat1_.address as address2_1_1_, contactdat1_.email as email3_1_1_, contactdat1_.email2 as email4_1_1_, contactdat1_.email3 as email5_1_1_, contactdat1_.firstname as firstnam6_1_1_, contactdat1_.home as home7_1_1_, contactdat1_.lastname as lastname8_1_1_, contactdat1_.mobile as mobile9_1_1_, contactdat1_.work as work10_1_1_ from address_in_groups contacts0_ inner join addressbook contactdat1_ on contacts0_.id=contactdat1_.id where contacts0_.group_id=?
Hibernate: select contacts0_.group_id as group_id2_0_0_, contacts0_.id as id1_0_0_, contactdat1_.id as id1_1_1_, contactdat1_.address as address2_1_1_, contactdat1_.email as email3_1_1_, contactdat1_.email2 as email4_1_1_, contactdat1_.email3 as email5_1_1_, contactdat1_.firstname as firstnam6_1_1_, contactdat1_.home as home7_1_1_, contactdat1_.lastname as lastname8_1_1_, contactdat1_.mobile as mobile9_1_1_, contactdat1_.work as work10_1_1_ from address_in_groups contacts0_ inner join addressbook contactdat1_ on contacts0_.id=contactdat1_.id where contacts0_.group_id=?
Hibernate: select contacts0_.group_id as group_id2_0_0_, contacts0_.id as id1_0_0_, contactdat1_.id as id1_1_1_, contactdat1_.address as address2_1_1_, contactdat1_.email as email3_1_1_, contactdat1_.email2 as email4_1_1_, contactdat1_.email3 as email5_1_1_, contactdat1_.firstname as firstnam6_1_1_, contactdat1_.home as home7_1_1_, contactdat1_.lastname as lastname8_1_1_, contactdat1_.mobile as mobile9_1_1_, contactdat1_.work as work10_1_1_ from address_in_groups contacts0_ inner join addressbook contactdat1_ on contacts0_.id=contactdat1_.id where contacts0_.group_id=?
Hibernate: select contacts0_.group_id as group_id2_0_0_, contacts0_.id as id1_0_0_, contactdat1_.id as id1_1_1_, contactdat1_.address as address2_1_1_, contactdat1_.email as email3_1_1_, contactdat1_.email2 as email4_1_1_, contactdat1_.email3 as email5_1_1_, contactdat1_.firstname as firstnam6_1_1_, contactdat1_.home as home7_1_1_, contactdat1_.lastname as lastname8_1_1_, contactdat1_.mobile as mobile9_1_1_, contactdat1_.work as work10_1_1_ from address_in_groups contacts0_ inner join addressbook contactdat1_ on contacts0_.id=contactdat1_.id where contacts0_.group_id=?
Hibernate: select contacts0_.group_id as group_id2_0_0_, contacts0_.id as id1_0_0_, contactdat1_.id as id1_1_1_, contactdat1_.address as address2_1_1_, contactdat1_.email as email3_1_1_, contactdat1_.email2 as email4_1_1_, contactdat1_.email3 as email5_1_1_, contactdat1_.firstname as firstnam6_1_1_, contactdat1_.home as home7_1_1_, contactdat1_.lastname as lastname8_1_1_, contactdat1_.mobile as mobile9_1_1_, contactdat1_.work as work10_1_1_ from address_in_groups contacts0_ inner join addressbook contactdat1_ on contacts0_.id=contactdat1_.id where contacts0_.group_id=?
Hibernate: select contacts0_.group_id as group_id2_0_0_, contacts0_.id as id1_0_0_, contactdat1_.id as id1_1_1_, contactdat1_.address as address2_1_1_, contactdat1_.email as email3_1_1_, contactdat1_.email2 as email4_1_1_, contactdat1_.email3 as email5_1_1_, contactdat1_.firstname as firstnam6_1_1_, contactdat1_.home as home7_1_1_, contactdat1_.lastname as lastname8_1_1_, contactdat1_.mobile as mobile9_1_1_, contactdat1_.work as work10_1_1_ from address_in_groups contacts0_ inner join addressbook contactdat1_ on contacts0_.id=contactdat1_.id where contacts0_.group_id=?
Hibernate: select contacts0_.group_id as group_id2_0_0_, contacts0_.id as id1_0_0_, contactdat1_.id as id1_1_1_, contactdat1_.address as address2_1_1_, contactdat1_.email as email3_1_1_, contactdat1_.email2 as email4_1_1_, contactdat1_.email3 as email5_1_1_, contactdat1_.firstname as firstnam6_1_1_, contactdat1_.home as home7_1_1_, contactdat1_.lastname as lastname8_1_1_, contactdat1_.mobile as mobile9_1_1_, contactdat1_.work as work10_1_1_ from address_in_groups contacts0_ inner join addressbook contactdat1_ on contacts0_.id=contactdat1_.id where contacts0_.group_id=?
Hibernate: select contacts0_.group_id as group_id2_0_0_, contacts0_.id as id1_0_0_, contactdat1_.id as id1_1_1_, contactdat1_.address as address2_1_1_, contactdat1_.email as email3_1_1_, contactdat1_.email2 as email4_1_1_, contactdat1_.email3 as email5_1_1_, contactdat1_.firstname as firstnam6_1_1_, contactdat1_.home as home7_1_1_, contactdat1_.lastname as lastname8_1_1_, contactdat1_.mobile as mobile9_1_1_, contactdat1_.work as work10_1_1_ from address_in_groups contacts0_ inner join addressbook contactdat1_ on contacts0_.id=contactdat1_.id where contacts0_.group_id=?
Hibernate: select contacts0_.group_id as group_id2_0_0_, contacts0_.id as id1_0_0_, contactdat1_.id as id1_1_1_, contactdat1_.address as address2_1_1_, contactdat1_.email as email3_1_1_, contactdat1_.email2 as email4_1_1_, contactdat1_.email3 as email5_1_1_, contactdat1_.firstname as firstnam6_1_1_, contactdat1_.home as home7_1_1_, contactdat1_.lastname as lastname8_1_1_, contactdat1_.mobile as mobile9_1_1_, contactdat1_.work as work10_1_1_ from address_in_groups contacts0_ inner join addressbook contactdat1_ on contacts0_.id=contactdat1_.id where contacts0_.group_id=?
Hibernate: select contacts0_.group_id as group_id2_0_0_, contacts0_.id as id1_0_0_, contactdat1_.id as id1_1_1_, contactdat1_.address as address2_1_1_, contactdat1_.email as email3_1_1_, contactdat1_.email2 as email4_1_1_, contactdat1_.email3 as email5_1_1_, contactdat1_.firstname as firstnam6_1_1_, contactdat1_.home as home7_1_1_, contactdat1_.lastname as lastname8_1_1_, contactdat1_.mobile as mobile9_1_1_, contactdat1_.work as work10_1_1_ from address_in_groups contacts0_ inner join addressbook contactdat1_ on contacts0_.id=contactdat1_.id where contacts0_.group_id=?
Hibernate: select contacts0_.group_id as group_id2_0_0_, contacts0_.id as id1_0_0_, contactdat1_.id as id1_1_1_, contactdat1_.address as address2_1_1_, contactdat1_.email as email3_1_1_, contactdat1_.email2 as email4_1_1_, contactdat1_.email3 as email5_1_1_, contactdat1_.firstname as firstnam6_1_1_, contactdat1_.home as home7_1_1_, contactdat1_.lastname as lastname8_1_1_, contactdat1_.mobile as mobile9_1_1_, contactdat1_.work as work10_1_1_ from address_in_groups contacts0_ inner join addressbook contactdat1_ on contacts0_.id=contactdat1_.id where contacts0_.group_id=?
Hibernate: select contacts0_.group_id as group_id2_0_0_, contacts0_.id as id1_0_0_, contactdat1_.id as id1_1_1_, contactdat1_.address as address2_1_1_, contactdat1_.email as email3_1_1_, contactdat1_.email2 as email4_1_1_, contactdat1_.email3 as email5_1_1_, contactdat1_.firstname as firstnam6_1_1_, contactdat1_.home as home7_1_1_, contactdat1_.lastname as lastname8_1_1_, contactdat1_.mobile as mobile9_1_1_, contactdat1_.work as work10_1_1_ from address_in_groups contacts0_ inner join addressbook contactdat1_ on contacts0_.id=contactdat1_.id where contacts0_.group_id=?
Hibernate: select contacts0_.group_id as group_id2_0_0_, contacts0_.id as id1_0_0_, contactdat1_.id as id1_1_1_, contactdat1_.address as address2_1_1_, contactdat1_.email as email3_1_1_, contactdat1_.email2 as email4_1_1_, contactdat1_.email3 as email5_1_1_, contactdat1_.firstname as firstnam6_1_1_, contactdat1_.home as home7_1_1_, contactdat1_.lastname as lastname8_1_1_, contactdat1_.mobile as mobile9_1_1_, contactdat1_.work as work10_1_1_ from address_in_groups contacts0_ inner join addressbook contactdat1_ on contacts0_.id=contactdat1_.id where contacts0_.group_id=?
Hibernate: select contacts0_.group_id as group_id2_0_0_, contacts0_.id as id1_0_0_, contactdat1_.id as id1_1_1_, contactdat1_.address as address2_1_1_, contactdat1_.email as email3_1_1_, contactdat1_.email2 as email4_1_1_, contactdat1_.email3 as email5_1_1_, contactdat1_.firstname as firstnam6_1_1_, contactdat1_.home as home7_1_1_, contactdat1_.lastname as lastname8_1_1_, contactdat1_.mobile as mobile9_1_1_, contactdat1_.work as work10_1_1_ from address_in_groups contacts0_ inner join addressbook contactdat1_ on contacts0_.id=contactdat1_.id where contacts0_.group_id=?
Hibernate: select contacts0_.group_id as group_id2_0_0_, contacts0_.id as id1_0_0_, contactdat1_.id as id1_1_1_, contactdat1_.address as address2_1_1_, contactdat1_.email as email3_1_1_, contactdat1_.email2 as email4_1_1_, contactdat1_.email3 as email5_1_1_, contactdat1_.firstname as firstnam6_1_1_, contactdat1_.home as home7_1_1_, contactdat1_.lastname as lastname8_1_1_, contactdat1_.mobile as mobile9_1_1_, contactdat1_.work as work10_1_1_ from address_in_groups contacts0_ inner join addressbook contactdat1_ on contacts0_.id=contactdat1_.id where contacts0_.group_id=?
Hibernate: select contacts0_.group_id as group_id2_0_0_, contacts0_.id as id1_0_0_, contactdat1_.id as id1_1_1_, contactdat1_.address as address2_1_1_, contactdat1_.email as email3_1_1_, contactdat1_.email2 as email4_1_1_, contactdat1_.email3 as email5_1_1_, contactdat1_.firstname as firstnam6_1_1_, contactdat1_.home as home7_1_1_, contactdat1_.lastname as lastname8_1_1_, contactdat1_.mobile as mobile9_1_1_, contactdat1_.work as work10_1_1_ from address_in_groups contacts0_ inner join addressbook contactdat1_ on contacts0_.id=contactdat1_.id where contacts0_.group_id=?
Hibernate: select contacts0_.group_id as group_id2_0_0_, contacts0_.id as id1_0_0_, contactdat1_.id as id1_1_1_, contactdat1_.address as address2_1_1_, contactdat1_.email as email3_1_1_, contactdat1_.email2 as email4_1_1_, contactdat1_.email3 as email5_1_1_, contactdat1_.firstname as firstnam6_1_1_, contactdat1_.home as home7_1_1_, contactdat1_.lastname as lastname8_1_1_, contactdat1_.mobile as mobile9_1_1_, contactdat1_.work as work10_1_1_ from address_in_groups contacts0_ inner join addressbook contactdat1_ on contacts0_.id=contactdat1_.id where contacts0_.group_id=?
Hibernate: select contacts0_.group_id as group_id2_0_0_, contacts0_.id as id1_0_0_, contactdat1_.id as id1_1_1_, contactdat1_.address as address2_1_1_, contactdat1_.email as email3_1_1_, contactdat1_.email2 as email4_1_1_, contactdat1_.email3 as email5_1_1_, contactdat1_.firstname as firstnam6_1_1_, contactdat1_.home as home7_1_1_, contactdat1_.lastname as lastname8_1_1_, contactdat1_.mobile as mobile9_1_1_, contactdat1_.work as work10_1_1_ from address_in_groups contacts0_ inner join addressbook contactdat1_ on contacts0_.id=contactdat1_.id where contacts0_.group_id=?
Hibernate: select contacts0_.group_id as group_id2_0_0_, contacts0_.id as id1_0_0_, contactdat1_.id as id1_1_1_, contactdat1_.address as address2_1_1_, contactdat1_.email as email3_1_1_, contactdat1_.email2 as email4_1_1_, contactdat1_.email3 as email5_1_1_, contactdat1_.firstname as firstnam6_1_1_, contactdat1_.home as home7_1_1_, contactdat1_.lastname as lastname8_1_1_, contactdat1_.mobile as mobile9_1_1_, contactdat1_.work as work10_1_1_ from address_in_groups contacts0_ inner join addressbook contactdat1_ on contacts0_.id=contactdat1_.id where contacts0_.group_id=?
Hibernate: select contacts0_.group_id as group_id2_0_0_, contacts0_.id as id1_0_0_, contactdat1_.id as id1_1_1_, contactdat1_.address as address2_1_1_, contactdat1_.email as email3_1_1_, contactdat1_.email2 as email4_1_1_, contactdat1_.email3 as email5_1_1_, contactdat1_.firstname as firstnam6_1_1_, contactdat1_.home as home7_1_1_, contactdat1_.lastname as lastname8_1_1_, contactdat1_.mobile as mobile9_1_1_, contactdat1_.work as work10_1_1_ from address_in_groups contacts0_ inner join addressbook contactdat1_ on contacts0_.id=contactdat1_.id where contacts0_.group_id=?
Hibernate: select contacts0_.group_id as group_id2_0_0_, contacts0_.id as id1_0_0_, contactdat1_.id as id1_1_1_, contactdat1_.address as address2_1_1_, contactdat1_.email as email3_1_1_, contactdat1_.email2 as email4_1_1_, contactdat1_.email3 as email5_1_1_, contactdat1_.firstname as firstnam6_1_1_, contactdat1_.home as home7_1_1_, contactdat1_.lastname as lastname8_1_1_, contactdat1_.mobile as mobile9_1_1_, contactdat1_.work as work10_1_1_ from address_in_groups contacts0_ inner join addressbook contactdat1_ on contacts0_.id=contactdat1_.id where contacts0_.group_id=?
Hibernate: select contacts0_.group_id as group_id2_0_0_, contacts0_.id as id1_0_0_, contactdat1_.id as id1_1_1_, contactdat1_.address as address2_1_1_, contactdat1_.email as email3_1_1_, contactdat1_.email2 as email4_1_1_, contactdat1_.email3 as email5_1_1_, contactdat1_.firstname as firstnam6_1_1_, contactdat1_.home as home7_1_1_, contactdat1_.lastname as lastname8_1_1_, contactdat1_.mobile as mobile9_1_1_, contactdat1_.work as work10_1_1_ from address_in_groups contacts0_ inner join addressbook contactdat1_ on contacts0_.id=contactdat1_.id where contacts0_.group_id=?
Hibernate: select contacts0_.group_id as group_id2_0_0_, contacts0_.id as id1_0_0_, contactdat1_.id as id1_1_1_, contactdat1_.address as address2_1_1_, contactdat1_.email as email3_1_1_, contactdat1_.email2 as email4_1_1_, contactdat1_.email3 as email5_1_1_, contactdat1_.firstname as firstnam6_1_1_, contactdat1_.home as home7_1_1_, contactdat1_.lastname as lastname8_1_1_, contactdat1_.mobile as mobile9_1_1_, contactdat1_.work as work10_1_1_ from address_in_groups contacts0_ inner join addressbook contactdat1_ on contacts0_.id=contactdat1_.id where contacts0_.group_id=?
Hibernate: select contacts0_.group_id as group_id2_0_0_, contacts0_.id as id1_0_0_, contactdat1_.id as id1_1_1_, contactdat1_.address as address2_1_1_, contactdat1_.email as email3_1_1_, contactdat1_.email2 as email4_1_1_, contactdat1_.email3 as email5_1_1_, contactdat1_.firstname as firstnam6_1_1_, contactdat1_.home as home7_1_1_, contactdat1_.lastname as lastname8_1_1_, contactdat1_.mobile as mobile9_1_1_, contactdat1_.work as work10_1_1_ from address_in_groups contacts0_ inner join addressbook contactdat1_ on contacts0_.id=contactdat1_.id where contacts0_.group_id=?
Hibernate: select contacts0_.group_id as group_id2_0_0_, contacts0_.id as id1_0_0_, contactdat1_.id as id1_1_1_, contactdat1_.address as address2_1_1_, contactdat1_.email as email3_1_1_, contactdat1_.email2 as email4_1_1_, contactdat1_.email3 as email5_1_1_, contactdat1_.firstname as firstnam6_1_1_, contactdat1_.home as home7_1_1_, contactdat1_.lastname as lastname8_1_1_, contactdat1_.mobile as mobile9_1_1_, contactdat1_.work as work10_1_1_ from address_in_groups contacts0_ inner join addressbook contactdat1_ on contacts0_.id=contactdat1_.id where contacts0_.group_id=?
Hibernate: select contacts0_.group_id as group_id2_0_0_, contacts0_.id as id1_0_0_, contactdat1_.id as id1_1_1_, contactdat1_.address as address2_1_1_, contactdat1_.email as email3_1_1_, contactdat1_.email2 as email4_1_1_, contactdat1_.email3 as email5_1_1_, contactdat1_.firstname as firstnam6_1_1_, contactdat1_.home as home7_1_1_, contactdat1_.lastname as lastname8_1_1_, contactdat1_.mobile as mobile9_1_1_, contactdat1_.work as work10_1_1_ from address_in_groups contacts0_ inner join addressbook contactdat1_ on contacts0_.id=contactdat1_.id where contacts0_.group_id=?
Hibernate: select contacts0_.group_id as group_id2_0_0_, contacts0_.id as id1_0_0_, contactdat1_.id as id1_1_1_, contactdat1_.address as address2_1_1_, contactdat1_.email as email3_1_1_, contactdat1_.email2 as email4_1_1_, contactdat1_.email3 as email5_1_1_, contactdat1_.firstname as firstnam6_1_1_, contactdat1_.home as home7_1_1_, contactdat1_.lastname as lastname8_1_1_, contactdat1_.mobile as mobile9_1_1_, contactdat1_.work as work10_1_1_ from address_in_groups contacts0_ inner join addressbook contactdat1_ on contacts0_.id=contactdat1_.id where contacts0_.group_id=?
Hibernate: select contacts0_.group_id as group_id2_0_0_, contacts0_.id as id1_0_0_, contactdat1_.id as id1_1_1_, contactdat1_.address as address2_1_1_, contactdat1_.email as email3_1_1_, contactdat1_.email2 as email4_1_1_, contactdat1_.email3 as email5_1_1_, contactdat1_.firstname as firstnam6_1_1_, contactdat1_.home as home7_1_1_, contactdat1_.lastname as lastname8_1_1_, contactdat1_.mobile as mobile9_1_1_, contactdat1_.work as work10_1_1_ from address_in_groups contacts0_ inner join addressbook contactdat1_ on contacts0_.id=contactdat1_.id where contacts0_.group_id=?
Hibernate: select contacts0_.group_id as group_id2_0_0_, contacts0_.id as id1_0_0_, contactdat1_.id as id1_1_1_, contactdat1_.address as address2_1_1_, contactdat1_.email as email3_1_1_, contactdat1_.email2 as email4_1_1_, contactdat1_.email3 as email5_1_1_, contactdat1_.firstname as firstnam6_1_1_, contactdat1_.home as home7_1_1_, contactdat1_.lastname as lastname8_1_1_, contactdat1_.mobile as mobile9_1_1_, contactdat1_.work as work10_1_1_ from address_in_groups contacts0_ inner join addressbook contactdat1_ on contacts0_.id=contactdat1_.id where contacts0_.group_id=?
Hibernate: select contacts0_.group_id as group_id2_0_0_, contacts0_.id as id1_0_0_, contactdat1_.id as id1_1_1_, contactdat1_.address as address2_1_1_, contactdat1_.email as email3_1_1_, contactdat1_.email2 as email4_1_1_, contactdat1_.email3 as email5_1_1_, contactdat1_.firstname as firstnam6_1_1_, contactdat1_.home as home7_1_1_, contactdat1_.lastname as lastname8_1_1_, contactdat1_.mobile as mobile9_1_1_, contactdat1_.work as work10_1_1_ from address_in_groups contacts0_ inner join addressbook contactdat1_ on contacts0_.id=contactdat1_.id where contacts0_.group_id=?
Hibernate: select contacts0_.group_id as group_id2_0_0_, contacts0_.id as id1_0_0_, contactdat1_.id as id1_1_1_, contactdat1_.address as address2_1_1_, contactdat1_.email as email3_1_1_, contactdat1_.email2 as email4_1_1_, contactdat1_.email3 as email5_1_1_, contactdat1_.firstname as firstnam6_1_1_, contactdat1_.home as home7_1_1_, contactdat1_.lastname as lastname8_1_1_, contactdat1_.mobile as mobile9_1_1_, contactdat1_.work as work10_1_1_ from address_in_groups contacts0_ inner join addressbook contactdat1_ on contacts0_.id=contactdat1_.id where contacts0_.group_id=?
Hibernate: select contacts0_.group_id as group_id2_0_0_, contacts0_.id as id1_0_0_, contactdat1_.id as id1_1_1_, contactdat1_.address as address2_1_1_, contactdat1_.email as email3_1_1_, contactdat1_.email2 as email4_1_1_, contactdat1_.email3 as email5_1_1_, contactdat1_.firstname as firstnam6_1_1_, contactdat1_.home as home7_1_1_, contactdat1_.lastname as lastname8_1_1_, contactdat1_.mobile as mobile9_1_1_, contactdat1_.work as work10_1_1_ from address_in_groups contacts0_ inner join addressbook contactdat1_ on contacts0_.id=contactdat1_.id where contacts0_.group_id=?
Hibernate: select contacts0_.group_id as group_id2_0_0_, contacts0_.id as id1_0_0_, contactdat1_.id as id1_1_1_, contactdat1_.address as address2_1_1_, contactdat1_.email as email3_1_1_, contactdat1_.email2 as email4_1_1_, contactdat1_.email3 as email5_1_1_, contactdat1_.firstname as firstnam6_1_1_, contactdat1_.home as home7_1_1_, contactdat1_.lastname as lastname8_1_1_, contactdat1_.mobile as mobile9_1_1_, contactdat1_.work as work10_1_1_ from address_in_groups contacts0_ inner join addressbook contactdat1_ on contacts0_.id=contactdat1_.id where contacts0_.group_id=?
Hibernate: select contacts0_.group_id as group_id2_0_0_, contacts0_.id as id1_0_0_, contactdat1_.id as id1_1_1_, contactdat1_.address as address2_1_1_, contactdat1_.email as email3_1_1_, contactdat1_.email2 as email4_1_1_, contactdat1_.email3 as email5_1_1_, contactdat1_.firstname as firstnam6_1_1_, contactdat1_.home as home7_1_1_, contactdat1_.lastname as lastname8_1_1_, contactdat1_.mobile as mobile9_1_1_, contactdat1_.work as work10_1_1_ from address_in_groups contacts0_ inner join addressbook contactdat1_ on contacts0_.id=contactdat1_.id where contacts0_.group_id=?
Hibernate: select groups0_.id as id1_0_0_, groups0_.group_id as group_id2_0_0_, groupdata1_.group_id as group_id1_2_1_, groupdata1_.group_footer as group_fo2_2_1_, groupdata1_.group_header as group_he3_2_1_, groupdata1_.group_name as group_na4_2_1_ from address_in_groups groups0_ inner join group_list groupdata1_ on groups0_.group_id=groupdata1_.group_id where groups0_.id=?
Hibernate: select contacts0_.group_id as group_id2_0_0_, contacts0_.id as id1_0_0_, contactdat1_.id as id1_1_1_, contactdat1_.address as address2_1_1_, contactdat1_.email as email3_1_1_, contactdat1_.email2 as email4_1_1_, contactdat1_.email3 as email5_1_1_, contactdat1_.firstname as firstnam6_1_1_, contactdat1_.home as home7_1_1_, contactdat1_.lastname as lastname8_1_1_, contactdat1_.mobile as mobile9_1_1_, contactdat1_.work as work10_1_1_ from address_in_groups contacts0_ inner join addressbook contactdat1_ on contacts0_.id=contactdat1_.id where contacts0_.group_id=?
Hibernate: select contacts0_.group_id as group_id2_0_0_, contacts0_.id as id1_0_0_, contactdat1_.id as id1_1_1_, contactdat1_.address as address2_1_1_, contactdat1_.email as email3_1_1_, contactdat1_.email2 as email4_1_1_, contactdat1_.email3 as email5_1_1_, contactdat1_.firstname as firstnam6_1_1_, contactdat1_.home as home7_1_1_, contactdat1_.lastname as lastname8_1_1_, contactdat1_.mobile as mobile9_1_1_, contactdat1_.work as work10_1_1_ from address_in_groups contacts0_ inner join addressbook contactdat1_ on contacts0_.id=contactdat1_.id where contacts0_.group_id=?
Hibernate: select contacts0_.group_id as group_id2_0_0_, contacts0_.id as id1_0_0_, contactdat1_.id as id1_1_1_, contactdat1_.address as address2_1_1_, contactdat1_.email as email3_1_1_, contactdat1_.email2 as email4_1_1_, contactdat1_.email3 as email5_1_1_, contactdat1_.firstname as firstnam6_1_1_, contactdat1_.home as home7_1_1_, contactdat1_.lastname as lastname8_1_1_, contactdat1_.mobile as mobile9_1_1_, contactdat1_.work as work10_1_1_ from address_in_groups contacts0_ inner join addressbook contactdat1_ on contacts0_.id=contactdat1_.id where contacts0_.group_id=?
Hibernate: select contacts0_.group_id as group_id2_0_0_, contacts0_.id as id1_0_0_, contactdat1_.id as id1_1_1_, contactdat1_.address as address2_1_1_, contactdat1_.email as email3_1_1_, contactdat1_.email2 as email4_1_1_, contactdat1_.email3 as email5_1_1_, contactdat1_.firstname as firstnam6_1_1_, contactdat1_.home as home7_1_1_, contactdat1_.lastname as lastname8_1_1_, contactdat1_.mobile as mobile9_1_1_, contactdat1_.work as work10_1_1_ from address_in_groups contacts0_ inner join addressbook contactdat1_ on contacts0_.id=contactdat1_.id where contacts0_.group_id=?
Hibernate: select contacts0_.group_id as group_id2_0_0_, contacts0_.id as id1_0_0_, contactdat1_.id as id1_1_1_, contactdat1_.address as address2_1_1_, contactdat1_.email as email3_1_1_, contactdat1_.email2 as email4_1_1_, contactdat1_.email3 as email5_1_1_, contactdat1_.firstname as firstnam6_1_1_, contactdat1_.home as home7_1_1_, contactdat1_.lastname as lastname8_1_1_, contactdat1_.mobile as mobile9_1_1_, contactdat1_.work as work10_1_1_ from address_in_groups contacts0_ inner join addressbook contactdat1_ on contacts0_.id=contactdat1_.id where contacts0_.group_id=?
Hibernate: select contacts0_.group_id as group_id2_0_0_, contacts0_.id as id1_0_0_, contactdat1_.id as id1_1_1_, contactdat1_.address as address2_1_1_, contactdat1_.email as email3_1_1_, contactdat1_.email2 as email4_1_1_, contactdat1_.email3 as email5_1_1_, contactdat1_.firstname as firstnam6_1_1_, contactdat1_.home as home7_1_1_, contactdat1_.lastname as lastname8_1_1_, contactdat1_.mobile as mobile9_1_1_, contactdat1_.work as work10_1_1_ from address_in_groups contacts0_ inner join addressbook contactdat1_ on contacts0_.id=contactdat1_.id where contacts0_.group_id=?
Hibernate: select contacts0_.group_id as group_id2_0_0_, contacts0_.id as id1_0_0_, contactdat1_.id as id1_1_1_, contactdat1_.address as address2_1_1_, contactdat1_.email as email3_1_1_, contactdat1_.email2 as email4_1_1_, contactdat1_.email3 as email5_1_1_, contactdat1_.firstname as firstnam6_1_1_, contactdat1_.home as home7_1_1_, contactdat1_.lastname as lastname8_1_1_, contactdat1_.mobile as mobile9_1_1_, contactdat1_.work as work10_1_1_ from address_in_groups contacts0_ inner join addressbook contactdat1_ on contacts0_.id=contactdat1_.id where contacts0_.group_id=?
Hibernate: select contacts0_.group_id as group_id2_0_0_, contacts0_.id as id1_0_0_, contactdat1_.id as id1_1_1_, contactdat1_.address as address2_1_1_, contactdat1_.email as email3_1_1_, contactdat1_.email2 as email4_1_1_, contactdat1_.email3 as email5_1_1_, contactdat1_.firstname as firstnam6_1_1_, contactdat1_.home as home7_1_1_, contactdat1_.lastname as lastname8_1_1_, contactdat1_.mobile as mobile9_1_1_, contactdat1_.work as work10_1_1_ from address_in_groups contacts0_ inner join addressbook contactdat1_ on contacts0_.id=contactdat1_.id where contacts0_.group_id=?
Hibernate: select contacts0_.group_id as group_id2_0_0_, contacts0_.id as id1_0_0_, contactdat1_.id as id1_1_1_, contactdat1_.address as address2_1_1_, contactdat1_.email as email3_1_1_, contactdat1_.email2 as email4_1_1_, contactdat1_.email3 as email5_1_1_, contactdat1_.firstname as firstnam6_1_1_, contactdat1_.home as home7_1_1_, contactdat1_.lastname as lastname8_1_1_, contactdat1_.mobile as mobile9_1_1_, contactdat1_.work as work10_1_1_ from address_in_groups contacts0_ inner join addressbook contactdat1_ on contacts0_.id=contactdat1_.id where contacts0_.group_id=?
Hibernate: select contacts0_.group_id as group_id2_0_0_, contacts0_.id as id1_0_0_, contactdat1_.id as id1_1_1_, contactdat1_.address as address2_1_1_, contactdat1_.email as email3_1_1_, contactdat1_.email2 as email4_1_1_, contactdat1_.email3 as email5_1_1_, contactdat1_.firstname as firstnam6_1_1_, contactdat1_.home as home7_1_1_, contactdat1_.lastname as lastname8_1_1_, contactdat1_.mobile as mobile9_1_1_, contactdat1_.work as work10_1_1_ from address_in_groups contacts0_ inner join addressbook contactdat1_ on contacts0_.id=contactdat1_.id where contacts0_.group_id=?
Hibernate: select contacts0_.group_id as group_id2_0_0_, contacts0_.id as id1_0_0_, contactdat1_.id as id1_1_1_, contactdat1_.address as address2_1_1_, contactdat1_.email as email3_1_1_, contactdat1_.email2 as email4_1_1_, contactdat1_.email3 as email5_1_1_, contactdat1_.firstname as firstnam6_1_1_, contactdat1_.home as home7_1_1_, contactdat1_.lastname as lastname8_1_1_, contactdat1_.mobile as mobile9_1_1_, contactdat1_.work as work10_1_1_ from address_in_groups contacts0_ inner join addressbook contactdat1_ on contacts0_.id=contactdat1_.id where contacts0_.group_id=?
Hibernate: select contacts0_.group_id as group_id2_0_0_, contacts0_.id as id1_0_0_, contactdat1_.id as id1_1_1_, contactdat1_.address as address2_1_1_, contactdat1_.email as email3_1_1_, contactdat1_.email2 as email4_1_1_, contactdat1_.email3 as email5_1_1_, contactdat1_.firstname as firstnam6_1_1_, contactdat1_.home as home7_1_1_, contactdat1_.lastname as lastname8_1_1_, contactdat1_.mobile as mobile9_1_1_, contactdat1_.work as work10_1_1_ from address_in_groups contacts0_ inner join addressbook contactdat1_ on contacts0_.id=contactdat1_.id where contacts0_.group_id=?
Hibernate: select contacts0_.group_id as group_id2_0_0_, contacts0_.id as id1_0_0_, contactdat1_.id as id1_1_1_, contactdat1_.address as address2_1_1_, contactdat1_.email as email3_1_1_, contactdat1_.email2 as email4_1_1_, contactdat1_.email3 as email5_1_1_, contactdat1_.firstname as firstnam6_1_1_, contactdat1_.home as home7_1_1_, contactdat1_.lastname as lastname8_1_1_, contactdat1_.mobile as mobile9_1_1_, contactdat1_.work as work10_1_1_ from address_in_groups contacts0_ inner join addressbook contactdat1_ on contacts0_.id=contactdat1_.id where contacts0_.group_id=?
Hibernate: select groupdata0_.group_id as group_id1_2_, groupdata0_.group_footer as group_fo2_2_, groupdata0_.group_header as group_he3_2_, groupdata0_.group_name as group_na4_2_ from group_list groupdata0_
Hibernate: select contacts0_.group_id as group_id2_0_0_, contacts0_.id as id1_0_0_, contactdat1_.id as id1_1_1_, contactdat1_.address as address2_1_1_, contactdat1_.email as email3_1_1_, contactdat1_.email2 as email4_1_1_, contactdat1_.email3 as email5_1_1_, contactdat1_.firstname as firstnam6_1_1_, contactdat1_.home as home7_1_1_, contactdat1_.lastname as lastname8_1_1_, contactdat1_.mobile as mobile9_1_1_, contactdat1_.work as work10_1_1_ from address_in_groups contacts0_ inner join addressbook contactdat1_ on contacts0_.id=contactdat1_.id where contacts0_.group_id=?
Hibernate: select contacts0_.group_id as group_id2_0_0_, contacts0_.id as id1_0_0_, contactdat1_.id as id1_1_1_, contactdat1_.address as address2_1_1_, contactdat1_.email as email3_1_1_, contactdat1_.email2 as email4_1_1_, contactdat1_.email3 as email5_1_1_, contactdat1_.firstname as firstnam6_1_1_, contactdat1_.home as home7_1_1_, contactdat1_.lastname as lastname8_1_1_, contactdat1_.mobile as mobile9_1_1_, contactdat1_.work as work10_1_1_ from address_in_groups contacts0_ inner join addressbook contactdat1_ on contacts0_.id=contactdat1_.id where contacts0_.group_id=?
Hibernate: select contacts0_.group_id as group_id2_0_0_, contacts0_.id as id1_0_0_, contactdat1_.id as id1_1_1_, contactdat1_.address as address2_1_1_, contactdat1_.email as email3_1_1_, contactdat1_.email2 as email4_1_1_, contactdat1_.email3 as email5_1_1_, contactdat1_.firstname as firstnam6_1_1_, contactdat1_.home as home7_1_1_, contactdat1_.lastname as lastname8_1_1_, contactdat1_.mobile as mobile9_1_1_, contactdat1_.work as work10_1_1_ from address_in_groups contacts0_ inner join addressbook contactdat1_ on contacts0_.id=contactdat1_.id where contacts0_.group_id=?
Hibernate: select contacts0_.group_id as group_id2_0_0_, contacts0_.id as id1_0_0_, contactdat1_.id as id1_1_1_, contactdat1_.address as address2_1_1_, contactdat1_.email as email3_1_1_, contactdat1_.email2 as email4_1_1_, contactdat1_.email3 as email5_1_1_, contactdat1_.firstname as firstnam6_1_1_, contactdat1_.home as home7_1_1_, contactdat1_.lastname as lastname8_1_1_, contactdat1_.mobile as mobile9_1_1_, contactdat1_.work as work10_1_1_ from address_in_groups contacts0_ inner join addressbook contactdat1_ on contacts0_.id=contactdat1_.id where contacts0_.group_id=?
Hibernate: select groups0_.id as id1_0_0_, groups0_.group_id as group_id2_0_0_, groupdata1_.group_id as group_id1_2_1_, groupdata1_.group_footer as group_fo2_2_1_, groupdata1_.group_header as group_he3_2_1_, groupdata1_.group_name as group_na4_2_1_ from address_in_groups groups0_ inner join group_list groupdata1_ on groups0_.group_id=groupdata1_.group_id where groups0_.id=?
Hibernate: select groups0_.id as id1_0_0_, groups0_.group_id as group_id2_0_0_, groupdata1_.group_id as group_id1_2_1_, groupdata1_.group_footer as group_fo2_2_1_, groupdata1_.group_header as group_he3_2_1_, groupdata1_.group_name as group_na4_2_1_ from address_in_groups groups0_ inner join group_list groupdata1_ on groups0_.group_id=groupdata1_.group_id where groups0_.id=?
Hibernate: select contacts0_.group_id as group_id2_0_0_, contacts0_.id as id1_0_0_, contactdat1_.id as id1_1_1_, contactdat1_.address as address2_1_1_, contactdat1_.email as email3_1_1_, contactdat1_.email2 as email4_1_1_, contactdat1_.email3 as email5_1_1_, contactdat1_.firstname as firstnam6_1_1_, contactdat1_.home as home7_1_1_, contactdat1_.lastname as lastname8_1_1_, contactdat1_.mobile as mobile9_1_1_, contactdat1_.work as work10_1_1_ from address_in_groups contacts0_ inner join addressbook contactdat1_ on contacts0_.id=contactdat1_.id where contacts0_.group_id=?
Hibernate: select contacts0_.group_id as group_id2_0_0_, contacts0_.id as id1_0_0_, contactdat1_.id as id1_1_1_, contactdat1_.address as address2_1_1_, contactdat1_.email as email3_1_1_, contactdat1_.email2 as email4_1_1_, contactdat1_.email3 as email5_1_1_, contactdat1_.firstname as firstnam6_1_1_, contactdat1_.home as home7_1_1_, contactdat1_.lastname as lastname8_1_1_, contactdat1_.mobile as mobile9_1_1_, contactdat1_.work as work10_1_1_ from address_in_groups contacts0_ inner join addressbook contactdat1_ on contacts0_.id=contactdat1_.id where contacts0_.group_id=?
Hibernate: select contacts0_.group_id as group_id2_0_0_, contacts0_.id as id1_0_0_, contactdat1_.id as id1_1_1_, contactdat1_.address as address2_1_1_, contactdat1_.email as email3_1_1_, contactdat1_.email2 as email4_1_1_, contactdat1_.email3 as email5_1_1_, contactdat1_.firstname as firstnam6_1_1_, contactdat1_.home as home7_1_1_, contactdat1_.lastname as lastname8_1_1_, contactdat1_.mobile as mobile9_1_1_, contactdat1_.work as work10_1_1_ from address_in_groups contacts0_ inner join addressbook contactdat1_ on contacts0_.id=contactdat1_.id where contacts0_.group_id=?
Hibernate: select contacts0_.group_id as group_id2_0_0_, contacts0_.id as id1_0_0_, contactdat1_.id as id1_1_1_, contactdat1_.address as address2_1_1_, contactdat1_.email as email3_1_1_, contactdat1_.email2 as email4_1_1_, contactdat1_.email3 as email5_1_1_, contactdat1_.firstname as firstnam6_1_1_, contactdat1_.home as home7_1_1_, contactdat1_.lastname as lastname8_1_1_, contactdat1_.mobile as mobile9_1_1_, contactdat1_.work as work10_1_1_ from address_in_groups contacts0_ inner join addressbook contactdat1_ on contacts0_.id=contactdat1_.id where contacts0_.group_id=?
Hibernate: select contacts0_.group_id as group_id2_0_0_, contacts0_.id as id1_0_0_, contactdat1_.id as id1_1_1_, contactdat1_.address as address2_1_1_, contactdat1_.email as email3_1_1_, contactdat1_.email2 as email4_1_1_, contactdat1_.email3 as email5_1_1_, contactdat1_.firstname as firstnam6_1_1_, contactdat1_.home as home7_1_1_, contactdat1_.lastname as lastname8_1_1_, contactdat1_.mobile as mobile9_1_1_, contactdat1_.work as work10_1_1_ from address_in_groups contacts0_ inner join addressbook contactdat1_ on contacts0_.id=contactdat1_.id where contacts0_.group_id=?
Hibernate: select contacts0_.group_id as group_id2_0_0_, contacts0_.id as id1_0_0_, contactdat1_.id as id1_1_1_, contactdat1_.address as address2_1_1_, contactdat1_.email as email3_1_1_, contactdat1_.email2 as email4_1_1_, contactdat1_.email3 as email5_1_1_, contactdat1_.firstname as firstnam6_1_1_, contactdat1_.home as home7_1_1_, contactdat1_.lastname as lastname8_1_1_, contactdat1_.mobile as mobile9_1_1_, contactdat1_.work as work10_1_1_ from address_in_groups contacts0_ inner join addressbook contactdat1_ on contacts0_.id=contactdat1_.id where contacts0_.group_id=?
Hibernate: select contacts0_.group_id as group_id2_0_0_, contacts0_.id as id1_0_0_, contactdat1_.id as id1_1_1_, contactdat1_.address as address2_1_1_, contactdat1_.email as email3_1_1_, contactdat1_.email2 as email4_1_1_, contactdat1_.email3 as email5_1_1_, contactdat1_.firstname as firstnam6_1_1_, contactdat1_.home as home7_1_1_, contactdat1_.lastname as lastname8_1_1_, contactdat1_.mobile as mobile9_1_1_, contactdat1_.work as work10_1_1_ from address_in_groups contacts0_ inner join addressbook contactdat1_ on contacts0_.id=contactdat1_.id where contacts0_.group_id=?
Hibernate: select contacts0_.group_id as group_id2_0_0_, contacts0_.id as id1_0_0_, contactdat1_.id as id1_1_1_, contactdat1_.address as address2_1_1_, contactdat1_.email as email3_1_1_, contactdat1_.email2 as email4_1_1_, contactdat1_.email3 as email5_1_1_, contactdat1_.firstname as firstnam6_1_1_, contactdat1_.home as home7_1_1_, contactdat1_.lastname as lastname8_1_1_, contactdat1_.mobile as mobile9_1_1_, contactdat1_.work as work10_1_1_ from address_in_groups contacts0_ inner join addressbook contactdat1_ on contacts0_.id=contactdat1_.id where contacts0_.group_id=?
Hibernate: select contacts0_.group_id as group_id2_0_0_, contacts0_.id as id1_0_0_, contactdat1_.id as id1_1_1_, contactdat1_.address as address2_1_1_, contactdat1_.email as email3_1_1_, contactdat1_.email2 as email4_1_1_, contactdat1_.email3 as email5_1_1_, contactdat1_.firstname as firstnam6_1_1_, contactdat1_.home as home7_1_1_, contactdat1_.lastname as lastname8_1_1_, contactdat1_.mobile as mobile9_1_1_, contactdat1_.work as work10_1_1_ from address_in_groups contacts0_ inner join addressbook contactdat1_ on contacts0_.id=contactdat1_.id where contacts0_.group_id=?
Hibernate: select contacts0_.group_id as group_id2_0_0_, contacts0_.id as id1_0_0_, contactdat1_.id as id1_1_1_, contactdat1_.address as address2_1_1_, contactdat1_.email as email3_1_1_, contactdat1_.email2 as email4_1_1_, contactdat1_.email3 as email5_1_1_, contactdat1_.firstname as firstnam6_1_1_, contactdat1_.home as home7_1_1_, contactdat1_.lastname as lastname8_1_1_, contactdat1_.mobile as mobile9_1_1_, contactdat1_.work as work10_1_1_ from address_in_groups contacts0_ inner join addressbook contactdat1_ on contacts0_.id=contactdat1_.id where contacts0_.group_id=?
Hibernate: select contacts0_.group_id as group_id2_0_0_, contacts0_.id as id1_0_0_, contactdat1_.id as id1_1_1_, contactdat1_.address as address2_1_1_, contactdat1_.email as email3_1_1_, contactdat1_.email2 as email4_1_1_, contactdat1_.email3 as email5_1_1_, contactdat1_.firstname as firstnam6_1_1_, contactdat1_.home as home7_1_1_, contactdat1_.lastname as lastname8_1_1_, contactdat1_.mobile as mobile9_1_1_, contactdat1_.work as work10_1_1_ from address_in_groups contacts0_ inner join addressbook contactdat1_ on contacts0_.id=contactdat1_.id where contacts0_.group_id=?
Hibernate: select contacts0_.group_id as group_id2_0_0_, contacts0_.id as id1_0_0_, contactdat1_.id as id1_1_1_, contactdat1_.address as address2_1_1_, contactdat1_.email as email3_1_1_, contactdat1_.email2 as email4_1_1_, contactdat1_.email3 as email5_1_1_, contactdat1_.firstname as firstnam6_1_1_, contactdat1_.home as home7_1_1_, contactdat1_.lastname as lastname8_1_1_, contactdat1_.mobile as mobile9_1_1_, contactdat1_.work as work10_1_1_ from address_in_groups contacts0_ inner join addressbook contactdat1_ on contacts0_.id=contactdat1_.id where contacts0_.group_id=?
Hibernate: select contacts0_.group_id as group_id2_0_0_, contacts0_.id as id1_0_0_, contactdat1_.id as id1_1_1_, contactdat1_.address as address2_1_1_, contactdat1_.email as email3_1_1_, contactdat1_.email2 as email4_1_1_, contactdat1_.email3 as email5_1_1_, contactdat1_.firstname as firstnam6_1_1_, contactdat1_.home as home7_1_1_, contactdat1_.lastname as lastname8_1_1_, contactdat1_.mobile as mobile9_1_1_, contactdat1_.work as work10_1_1_ from address_in_groups contacts0_ inner join addressbook contactdat1_ on contacts0_.id=contactdat1_.id where contacts0_.group_id=?
Hibernate: select contacts0_.group_id as group_id2_0_0_, contacts0_.id as id1_0_0_, contactdat1_.id as id1_1_1_, contactdat1_.address as address2_1_1_, contactdat1_.email as email3_1_1_, contactdat1_.email2 as email4_1_1_, contactdat1_.email3 as email5_1_1_, contactdat1_.firstname as firstnam6_1_1_, contactdat1_.home as home7_1_1_, contactdat1_.lastname as lastname8_1_1_, contactdat1_.mobile as mobile9_1_1_, contactdat1_.work as work10_1_1_ from address_in_groups contacts0_ inner join addressbook contactdat1_ on contacts0_.id=contactdat1_.id where contacts0_.group_id=?
Hibernate: select contacts0_.group_id as group_id2_0_0_, contacts0_.id as id1_0_0_, contactdat1_.id as id1_1_1_, contactdat1_.address as address2_1_1_, contactdat1_.email as email3_1_1_, contactdat1_.email2 as email4_1_1_, contactdat1_.email3 as email5_1_1_, contactdat1_.firstname as firstnam6_1_1_, contactdat1_.home as home7_1_1_, contactdat1_.lastname as lastname8_1_1_, contactdat1_.mobile as mobile9_1_1_, contactdat1_.work as work10_1_1_ from address_in_groups contacts0_ inner join addressbook contactdat1_ on contacts0_.id=contactdat1_.id where contacts0_.group_id=?
Hibernate: select contacts0_.group_id as group_id2_0_0_, contacts0_.id as id1_0_0_, contactdat1_.id as id1_1_1_, contactdat1_.address as address2_1_1_, contactdat1_.email as email3_1_1_, contactdat1_.email2 as email4_1_1_, contactdat1_.email3 as email5_1_1_, contactdat1_.firstname as firstnam6_1_1_, contactdat1_.home as home7_1_1_, contactdat1_.lastname as lastname8_1_1_, contactdat1_.mobile as mobile9_1_1_, contactdat1_.work as work10_1_1_ from address_in_groups contacts0_ inner join addressbook contactdat1_ on contacts0_.id=contactdat1_.id where contacts0_.group_id=?
Hibernate: select contacts0_.group_id as group_id2_0_0_, contacts0_.id as id1_0_0_, contactdat1_.id as id1_1_1_, contactdat1_.address as address2_1_1_, contactdat1_.email as email3_1_1_, contactdat1_.email2 as email4_1_1_, contactdat1_.email3 as email5_1_1_, contactdat1_.firstname as firstnam6_1_1_, contactdat1_.home as home7_1_1_, contactdat1_.lastname as lastname8_1_1_, contactdat1_.mobile as mobile9_1_1_, contactdat1_.work as work10_1_1_ from address_in_groups contacts0_ inner join addressbook contactdat1_ on contacts0_.id=contactdat1_.id where contacts0_.group_id=?
Hibernate: select contacts0_.group_id as group_id2_0_0_, contacts0_.id as id1_0_0_, contactdat1_.id as id1_1_1_, contactdat1_.address as address2_1_1_, contactdat1_.email as email3_1_1_, contactdat1_.email2 as email4_1_1_, contactdat1_.email3 as email5_1_1_, contactdat1_.firstname as firstnam6_1_1_, contactdat1_.home as home7_1_1_, contactdat1_.lastname as lastname8_1_1_, contactdat1_.mobile as mobile9_1_1_, contactdat1_.work as work10_1_1_ from address_in_groups contacts0_ inner join addressbook contactdat1_ on contacts0_.id=contactdat1_.id where contacts0_.group_id=?
Hibernate: select contacts0_.group_id as group_id2_0_0_, contacts0_.id as id1_0_0_, contactdat1_.id as id1_1_1_, contactdat1_.address as address2_1_1_, contactdat1_.email as email3_1_1_, contactdat1_.email2 as email4_1_1_, contactdat1_.email3 as email5_1_1_, contactdat1_.firstname as firstnam6_1_1_, contactdat1_.home as home7_1_1_, contactdat1_.lastname as lastname8_1_1_, contactdat1_.mobile as mobile9_1_1_, contactdat1_.work as work10_1_1_ from address_in_groups contacts0_ inner join addressbook contactdat1_ on contacts0_.id=contactdat1_.id where contacts0_.group_id=?
Hibernate: select contacts0_.group_id as group_id2_0_0_, contacts0_.id as id1_0_0_, contactdat1_.id as id1_1_1_, contactdat1_.address as address2_1_1_, contactdat1_.email as email3_1_1_, contactdat1_.email2 as email4_1_1_, contactdat1_.email3 as email5_1_1_, contactdat1_.firstname as firstnam6_1_1_, contactdat1_.home as home7_1_1_, contactdat1_.lastname as lastname8_1_1_, contactdat1_.mobile as mobile9_1_1_, contactdat1_.work as work10_1_1_ from address_in_groups contacts0_ inner join addressbook contactdat1_ on contacts0_.id=contactdat1_.id where contacts0_.group_id=?
Hibernate: select contacts0_.group_id as group_id2_0_0_, contacts0_.id as id1_0_0_, contactdat1_.id as id1_1_1_, contactdat1_.address as address2_1_1_, contactdat1_.email as email3_1_1_, contactdat1_.email2 as email4_1_1_, contactdat1_.email3 as email5_1_1_, contactdat1_.firstname as firstnam6_1_1_, contactdat1_.home as home7_1_1_, contactdat1_.lastname as lastname8_1_1_, contactdat1_.mobile as mobile9_1_1_, contactdat1_.work as work10_1_1_ from address_in_groups contacts0_ inner join addressbook contactdat1_ on contacts0_.id=contactdat1_.id where contacts0_.group_id=?
Hibernate: select contacts0_.group_id as group_id2_0_0_, contacts0_.id as id1_0_0_, contactdat1_.id as id1_1_1_, contactdat1_.address as address2_1_1_, contactdat1_.email as email3_1_1_, contactdat1_.email2 as email4_1_1_, contactdat1_.email3 as email5_1_1_, contactdat1_.firstname as firstnam6_1_1_, contactdat1_.home as home7_1_1_, contactdat1_.lastname as lastname8_1_1_, contactdat1_.mobile as mobile9_1_1_, contactdat1_.work as work10_1_1_ from address_in_groups contacts0_ inner join addressbook contactdat1_ on contacts0_.id=contactdat1_.id where contacts0_.group_id=?
Hibernate: select contacts0_.group_id as group_id2_0_0_, contacts0_.id as id1_0_0_, contactdat1_.id as id1_1_1_, contactdat1_.address as address2_1_1_, contactdat1_.email as email3_1_1_, contactdat1_.email2 as email4_1_1_, contactdat1_.email3 as email5_1_1_, contactdat1_.firstname as firstnam6_1_1_, contactdat1_.home as home7_1_1_, contactdat1_.lastname as lastname8_1_1_, contactdat1_.mobile as mobile9_1_1_, contactdat1_.work as work10_1_1_ from address_in_groups contacts0_ inner join addressbook contactdat1_ on contacts0_.id=contactdat1_.id where contacts0_.group_id=?
Hibernate: select contacts0_.group_id as group_id2_0_0_, contacts0_.id as id1_0_0_, contactdat1_.id as id1_1_1_, contactdat1_.address as address2_1_1_, contactdat1_.email as email3_1_1_, contactdat1_.email2 as email4_1_1_, contactdat1_.email3 as email5_1_1_, contactdat1_.firstname as firstnam6_1_1_, contactdat1_.home as home7_1_1_, contactdat1_.lastname as lastname8_1_1_, contactdat1_.mobile as mobile9_1_1_, contactdat1_.work as work10_1_1_ from address_in_groups contacts0_ inner join addressbook contactdat1_ on contacts0_.id=contactdat1_.id where contacts0_.group_id=?
Hibernate: select contacts0_.group_id as group_id2_0_0_, contacts0_.id as id1_0_0_, contactdat1_.id as id1_1_1_, contactdat1_.address as address2_1_1_, contactdat1_.email as email3_1_1_, contactdat1_.email2 as email4_1_1_, contactdat1_.email3 as email5_1_1_, contactdat1_.firstname as firstnam6_1_1_, contactdat1_.home as home7_1_1_, contactdat1_.lastname as lastname8_1_1_, contactdat1_.mobile as mobile9_1_1_, contactdat1_.work as work10_1_1_ from address_in_groups contacts0_ inner join addressbook contactdat1_ on contacts0_.id=contactdat1_.id where contacts0_.group_id=?
Hibernate: select contacts0_.group_id as group_id2_0_0_, contacts0_.id as id1_0_0_, contactdat1_.id as id1_1_1_, contactdat1_.address as address2_1_1_, contactdat1_.email as email3_1_1_, contactdat1_.email2 as email4_1_1_, contactdat1_.email3 as email5_1_1_, contactdat1_.firstname as firstnam6_1_1_, contactdat1_.home as home7_1_1_, contactdat1_.lastname as lastname8_1_1_, contactdat1_.mobile as mobile9_1_1_, contactdat1_.work as work10_1_1_ from address_in_groups contacts0_ inner join addressbook contactdat1_ on contacts0_.id=contactdat1_.id where contacts0_.group_id=?
Hibernate: select contacts0_.group_id as group_id2_0_0_, contacts0_.id as id1_0_0_, contactdat1_.id as id1_1_1_, contactdat1_.address as address2_1_1_, contactdat1_.email as email3_1_1_, contactdat1_.email2 as email4_1_1_, contactdat1_.email3 as email5_1_1_, contactdat1_.firstname as firstnam6_1_1_, contactdat1_.home as home7_1_1_, contactdat1_.lastname as lastname8_1_1_, contactdat1_.mobile as mobile9_1_1_, contactdat1_.work as work10_1_1_ from address_in_groups contacts0_ inner join addressbook contactdat1_ on contacts0_.id=contactdat1_.id where contacts0_.group_id=?
Hibernate: select contacts0_.group_id as group_id2_0_0_, contacts0_.id as id1_0_0_, contactdat1_.id as id1_1_1_, contactdat1_.address as address2_1_1_, contactdat1_.email as email3_1_1_, contactdat1_.email2 as email4_1_1_, contactdat1_.email3 as email5_1_1_, contactdat1_.firstname as firstnam6_1_1_, contactdat1_.home as home7_1_1_, contactdat1_.lastname as lastname8_1_1_, contactdat1_.mobile as mobile9_1_1_, contactdat1_.work as work10_1_1_ from address_in_groups contacts0_ inner join addressbook contactdat1_ on contacts0_.id=contactdat1_.id where contacts0_.group_id=?
Hibernate: select contacts0_.group_id as group_id2_0_0_, contacts0_.id as id1_0_0_, contactdat1_.id as id1_1_1_, contactdat1_.address as address2_1_1_, contactdat1_.email as email3_1_1_, contactdat1_.email2 as email4_1_1_, contactdat1_.email3 as email5_1_1_, contactdat1_.firstname as firstnam6_1_1_, contactdat1_.home as home7_1_1_, contactdat1_.lastname as lastname8_1_1_, contactdat1_.mobile as mobile9_1_1_, contactdat1_.work as work10_1_1_ from address_in_groups contacts0_ inner join addressbook contactdat1_ on contacts0_.id=contactdat1_.id where contacts0_.group_id=?
Hibernate: select contacts0_.group_id as group_id2_0_0_, contacts0_.id as id1_0_0_, contactdat1_.id as id1_1_1_, contactdat1_.address as address2_1_1_, contactdat1_.email as email3_1_1_, contactdat1_.email2 as email4_1_1_, contactdat1_.email3 as email5_1_1_, contactdat1_.firstname as firstnam6_1_1_, contactdat1_.home as home7_1_1_, contactdat1_.lastname as lastname8_1_1_, contactdat1_.mobile as mobile9_1_1_, contactdat1_.work as work10_1_1_ from address_in_groups contacts0_ inner join addressbook contactdat1_ on contacts0_.id=contactdat1_.id where contacts0_.group_id=?
Hibernate: select contacts0_.group_id as group_id2_0_0_, contacts0_.id as id1_0_0_, contactdat1_.id as id1_1_1_, contactdat1_.address as address2_1_1_, contactdat1_.email as email3_1_1_, contactdat1_.email2 as email4_1_1_, contactdat1_.email3 as email5_1_1_, contactdat1_.firstname as firstnam6_1_1_, contactdat1_.home as home7_1_1_, contactdat1_.lastname as lastname8_1_1_, contactdat1_.mobile as mobile9_1_1_, contactdat1_.work as work10_1_1_ from address_in_groups contacts0_ inner join addressbook contactdat1_ on contacts0_.id=contactdat1_.id where contacts0_.group_id=?
Hibernate: select contacts0_.group_id as group_id2_0_0_, contacts0_.id as id1_0_0_, contactdat1_.id as id1_1_1_, contactdat1_.address as address2_1_1_, contactdat1_.email as email3_1_1_, contactdat1_.email2 as email4_1_1_, contactdat1_.email3 as email5_1_1_, contactdat1_.firstname as firstnam6_1_1_, contactdat1_.home as home7_1_1_, contactdat1_.lastname as lastname8_1_1_, contactdat1_.mobile as mobile9_1_1_, contactdat1_.work as work10_1_1_ from address_in_groups contacts0_ inner join addressbook contactdat1_ on contacts0_.id=contactdat1_.id where contacts0_.group_id=?
Hibernate: select contacts0_.group_id as group_id2_0_0_, contacts0_.id as id1_0_0_, contactdat1_.id as id1_1_1_, contactdat1_.address as address2_1_1_, contactdat1_.email as email3_1_1_, contactdat1_.email2 as email4_1_1_, contactdat1_.email3 as email5_1_1_, contactdat1_.firstname as firstnam6_1_1_, contactdat1_.home as home7_1_1_, contactdat1_.lastname as lastname8_1_1_, contactdat1_.mobile as mobile9_1_1_, contactdat1_.work as work10_1_1_ from address_in_groups contacts0_ inner join addressbook contactdat1_ on contacts0_.id=contactdat1_.id where contacts0_.group_id=?
Hibernate: select contacts0_.group_id as group_id2_0_0_, contacts0_.id as id1_0_0_, contactdat1_.id as id1_1_1_, contactdat1_.address as address2_1_1_, contactdat1_.email as email3_1_1_, contactdat1_.email2 as email4_1_1_, contactdat1_.email3 as email5_1_1_, contactdat1_.firstname as firstnam6_1_1_, contactdat1_.home as home7_1_1_, contactdat1_.lastname as lastname8_1_1_, contactdat1_.mobile as mobile9_1_1_, contactdat1_.work as work10_1_1_ from address_in_groups contacts0_ inner join addressbook contactdat1_ on contacts0_.id=contactdat1_.id where contacts0_.group_id=?
Hibernate: select contacts0_.group_id as group_id2_0_0_, contacts0_.id as id1_0_0_, contactdat1_.id as id1_1_1_, contactdat1_.address as address2_1_1_, contactdat1_.email as email3_1_1_, contactdat1_.email2 as email4_1_1_, contactdat1_.email3 as email5_1_1_, contactdat1_.firstname as firstnam6_1_1_, contactdat1_.home as home7_1_1_, contactdat1_.lastname as lastname8_1_1_, contactdat1_.mobile as mobile9_1_1_, contactdat1_.work as work10_1_1_ from address_in_groups contacts0_ inner join addressbook contactdat1_ on contacts0_.id=contactdat1_.id where contacts0_.group_id=?
Hibernate: select contacts0_.group_id as group_id2_0_0_, contacts0_.id as id1_0_0_, contactdat1_.id as id1_1_1_, contactdat1_.address as address2_1_1_, contactdat1_.email as email3_1_1_, contactdat1_.email2 as email4_1_1_, contactdat1_.email3 as email5_1_1_, contactdat1_.firstname as firstnam6_1_1_, contactdat1_.home as home7_1_1_, contactdat1_.lastname as lastname8_1_1_, contactdat1_.mobile as mobile9_1_1_, contactdat1_.work as work10_1_1_ from address_in_groups contacts0_ inner join addressbook contactdat1_ on contacts0_.id=contactdat1_.id where contacts0_.group_id=?
Hibernate: select contacts0_.group_id as group_id2_0_0_, contacts0_.id as id1_0_0_, contactdat1_.id as id1_1_1_, contactdat1_.address as address2_1_1_, contactdat1_.email as email3_1_1_, contactdat1_.email2 as email4_1_1_, contactdat1_.email3 as email5_1_1_, contactdat1_.firstname as firstnam6_1_1_, contactdat1_.home as home7_1_1_, contactdat1_.lastname as lastname8_1_1_, contactdat1_.mobile as mobile9_1_1_, contactdat1_.work as work10_1_1_ from address_in_groups contacts0_ inner join addressbook contactdat1_ on contacts0_.id=contactdat1_.id where contacts0_.group_id=?
Hibernate: select contacts0_.group_id as group_id2_0_0_, contacts0_.id as id1_0_0_, contactdat1_.id as id1_1_1_, contactdat1_.address as address2_1_1_, contactdat1_.email as email3_1_1_, contactdat1_.email2 as email4_1_1_, contactdat1_.email3 as email5_1_1_, contactdat1_.firstname as firstnam6_1_1_, contactdat1_.home as home7_1_1_, contactdat1_.lastname as lastname8_1_1_, contactdat1_.mobile as mobile9_1_1_, contactdat1_.work as work10_1_1_ from address_in_groups contacts0_ inner join addressbook contactdat1_ on contacts0_.id=contactdat1_.id where contacts0_.group_id=?
Hibernate: select groups0_.id as id1_0_0_, groups0_.group_id as group_id2_0_0_, groupdata1_.group_id as group_id1_2_1_, groupdata1_.group_footer as group_fo2_2_1_, groupdata1_.group_header as group_he3_2_1_, groupdata1_.group_name as group_na4_2_1_ from address_in_groups groups0_ inner join group_list groupdata1_ on groups0_.group_id=groupdata1_.group_id where groups0_.id=?
Hibernate: select contacts0_.group_id as group_id2_0_0_, contacts0_.id as id1_0_0_, contactdat1_.id as id1_1_1_, contactdat1_.address as address2_1_1_, contactdat1_.email as email3_1_1_, contactdat1_.email2 as email4_1_1_, contactdat1_.email3 as email5_1_1_, contactdat1_.firstname as firstnam6_1_1_, contactdat1_.home as home7_1_1_, contactdat1_.lastname as lastname8_1_1_, contactdat1_.mobile as mobile9_1_1_, contactdat1_.work as work10_1_1_ from address_in_groups contacts0_ inner join addressbook contactdat1_ on contacts0_.id=contactdat1_.id where contacts0_.group_id=?
Hibernate: select contacts0_.group_id as group_id2_0_0_, contacts0_.id as id1_0_0_, contactdat1_.id as id1_1_1_, contactdat1_.address as address2_1_1_, contactdat1_.email as email3_1_1_, contactdat1_.email2 as email4_1_1_, contactdat1_.email3 as email5_1_1_, contactdat1_.firstname as firstnam6_1_1_, contactdat1_.home as home7_1_1_, contactdat1_.lastname as lastname8_1_1_, contactdat1_.mobile as mobile9_1_1_, contactdat1_.work as work10_1_1_ from address_in_groups contacts0_ inner join addressbook contactdat1_ on contacts0_.id=contactdat1_.id where contacts0_.group_id=?
Hibernate: select contacts0_.group_id as group_id2_0_0_, contacts0_.id as id1_0_0_, contactdat1_.id as id1_1_1_, contactdat1_.address as address2_1_1_, contactdat1_.email as email3_1_1_, contactdat1_.email2 as email4_1_1_, contactdat1_.email3 as email5_1_1_, contactdat1_.firstname as firstnam6_1_1_, contactdat1_.home as home7_1_1_, contactdat1_.lastname as lastname8_1_1_, contactdat1_.mobile as mobile9_1_1_, contactdat1_.work as work10_1_1_ from address_in_groups contacts0_ inner join addressbook contactdat1_ on contacts0_.id=contactdat1_.id where contacts0_.group_id=?
Hibernate: select contacts0_.group_id as group_id2_0_0_, contacts0_.id as id1_0_0_, contactdat1_.id as id1_1_1_, contactdat1_.address as address2_1_1_, contactdat1_.email as email3_1_1_, contactdat1_.email2 as email4_1_1_, contactdat1_.email3 as email5_1_1_, contactdat1_.firstname as firstnam6_1_1_, contactdat1_.home as home7_1_1_, contactdat1_.lastname as lastname8_1_1_, contactdat1_.mobile as mobile9_1_1_, contactdat1_.work as work10_1_1_ from address_in_groups contacts0_ inner join addressbook contactdat1_ on contacts0_.id=contactdat1_.id where contacts0_.group_id=?
Hibernate: select contacts0_.group_id as group_id2_0_0_, contacts0_.id as id1_0_0_, contactdat1_.id as id1_1_1_, contactdat1_.address as address2_1_1_, contactdat1_.email as email3_1_1_, contactdat1_.email2 as email4_1_1_, contactdat1_.email3 as email5_1_1_, contactdat1_.firstname as firstnam6_1_1_, contactdat1_.home as home7_1_1_, contactdat1_.lastname as lastname8_1_1_, contactdat1_.mobile as mobile9_1_1_, contactdat1_.work as work10_1_1_ from address_in_groups contacts0_ inner join addressbook contactdat1_ on contacts0_.id=contactdat1_.id where contacts0_.group_id=?
Hibernate: select contacts0_.group_id as group_id2_0_0_, contacts0_.id as id1_0_0_, contactdat1_.id as id1_1_1_, contactdat1_.address as address2_1_1_, contactdat1_.email as email3_1_1_, contactdat1_.email2 as email4_1_1_, contactdat1_.email3 as email5_1_1_, contactdat1_.firstname as firstnam6_1_1_, contactdat1_.home as home7_1_1_, contactdat1_.lastname as lastname8_1_1_, contactdat1_.mobile as mobile9_1_1_, contactdat1_.work as work10_1_1_ from address_in_groups contacts0_ inner join addressbook contactdat1_ on contacts0_.id=contactdat1_.id where contacts0_.group_id=?
Hibernate: select contacts0_.group_id as group_id2_0_0_, contacts0_.id as id1_0_0_, contactdat1_.id as id1_1_1_, contactdat1_.address as address2_1_1_, contactdat1_.email as email3_1_1_, contactdat1_.email2 as email4_1_1_, contactdat1_.email3 as email5_1_1_, contactdat1_.firstname as firstnam6_1_1_, contactdat1_.home as home7_1_1_, contactdat1_.lastname as lastname8_1_1_, contactdat1_.mobile as mobile9_1_1_, contactdat1_.work as work10_1_1_ from address_in_groups contacts0_ inner join addressbook contactdat1_ on contacts0_.id=contactdat1_.id where contacts0_.group_id=?
Hibernate: select contacts0_.group_id as group_id2_0_0_, contacts0_.id as id1_0_0_, contactdat1_.id as id1_1_1_, contactdat1_.address as address2_1_1_, contactdat1_.email as email3_1_1_, contactdat1_.email2 as email4_1_1_, contactdat1_.email3 as email5_1_1_, contactdat1_.firstname as firstnam6_1_1_, contactdat1_.home as home7_1_1_, contactdat1_.lastname as lastname8_1_1_, contactdat1_.mobile as mobile9_1_1_, contactdat1_.work as work10_1_1_ from address_in_groups contacts0_ inner join addressbook contactdat1_ on contacts0_.id=contactdat1_.id where contacts0_.group_id=?
Hibernate: select contacts0_.group_id as group_id2_0_0_, contacts0_.id as id1_0_0_, contactdat1_.id as id1_1_1_, contactdat1_.address as address2_1_1_, contactdat1_.email as email3_1_1_, contactdat1_.email2 as email4_1_1_, contactdat1_.email3 as email5_1_1_, contactdat1_.firstname as firstnam6_1_1_, contactdat1_.home as home7_1_1_, contactdat1_.lastname as lastname8_1_1_, contactdat1_.mobile as mobile9_1_1_, contactdat1_.work as work10_1_1_ from address_in_groups contacts0_ inner join addressbook contactdat1_ on contacts0_.id=contactdat1_.id where contacts0_.group_id=?
Hibernate: select contacts0_.group_id as group_id2_0_0_, contacts0_.id as id1_0_0_, contactdat1_.id as id1_1_1_, contactdat1_.address as address2_1_1_, contactdat1_.email as email3_1_1_, contactdat1_.email2 as email4_1_1_, contactdat1_.email3 as email5_1_1_, contactdat1_.firstname as firstnam6_1_1_, contactdat1_.home as home7_1_1_, contactdat1_.lastname as lastname8_1_1_, contactdat1_.mobile as mobile9_1_1_, contactdat1_.work as work10_1_1_ from address_in_groups contacts0_ inner join addressbook contactdat1_ on contacts0_.id=contactdat1_.id where contacts0_.group_id=?
Hibernate: select contacts0_.group_id as group_id2_0_0_, contacts0_.id as id1_0_0_, contactdat1_.id as id1_1_1_, contactdat1_.address as address2_1_1_, contactdat1_.email as email3_1_1_, contactdat1_.email2 as email4_1_1_, contactdat1_.email3 as email5_1_1_, contactdat1_.firstname as firstnam6_1_1_, contactdat1_.home as home7_1_1_, contactdat1_.lastname as lastname8_1_1_, contactdat1_.mobile as mobile9_1_1_, contactdat1_.work as work10_1_1_ from address_in_groups contacts0_ inner join addressbook contactdat1_ on contacts0_.id=contactdat1_.id where contacts0_.group_id=?
Hibernate: select contacts0_.group_id as group_id2_0_0_, contacts0_.id as id1_0_0_, contactdat1_.id as id1_1_1_, contactdat1_.address as address2_1_1_, contactdat1_.email as email3_1_1_, contactdat1_.email2 as email4_1_1_, contactdat1_.email3 as email5_1_1_, contactdat1_.firstname as firstnam6_1_1_, contactdat1_.home as home7_1_1_, contactdat1_.lastname as lastname8_1_1_, contactdat1_.mobile as mobile9_1_1_, contactdat1_.work as work10_1_1_ from address_in_groups contacts0_ inner join addressbook contactdat1_ on contacts0_.id=contactdat1_.id where contacts0_.group_id=?
Hibernate: select contacts0_.group_id as group_id2_0_0_, contacts0_.id as id1_0_0_, contactdat1_.id as id1_1_1_, contactdat1_.address as address2_1_1_, contactdat1_.email as email3_1_1_, contactdat1_.email2 as email4_1_1_, contactdat1_.email3 as email5_1_1_, contactdat1_.firstname as firstnam6_1_1_, contactdat1_.home as home7_1_1_, contactdat1_.lastname as lastname8_1_1_, contactdat1_.mobile as mobile9_1_1_, contactdat1_.work as work10_1_1_ from address_in_groups contacts0_ inner join addressbook contactdat1_ on contacts0_.id=contactdat1_.id where contacts0_.group_id=?
Hibernate: select groupdata0_.group_id as group_id1_2_, groupdata0_.group_footer as group_fo2_2_, groupdata0_.group_header as group_he3_2_, groupdata0_.group_name as group_na4_2_ from group_list groupdata0_
Hibernate: select contacts0_.group_id as group_id2_0_0_, contacts0_.id as id1_0_0_, contactdat1_.id as id1_1_1_, contactdat1_.address as address2_1_1_, contactdat1_.email as email3_1_1_, contactdat1_.email2 as email4_1_1_, contactdat1_.email3 as email5_1_1_, contactdat1_.firstname as firstnam6_1_1_, contactdat1_.home as home7_1_1_, contactdat1_.lastname as lastname8_1_1_, contactdat1_.mobile as mobile9_1_1_, contactdat1_.work as work10_1_1_ from address_in_groups contacts0_ inner join addressbook contactdat1_ on contacts0_.id=contactdat1_.id where contacts0_.group_id=?
Hibernate: select contacts0_.group_id as group_id2_0_0_, contacts0_.id as id1_0_0_, contactdat1_.id as id1_1_1_, contactdat1_.address as address2_1_1_, contactdat1_.email as email3_1_1_, contactdat1_.email2 as email4_1_1_, contactdat1_.email3 as email5_1_1_, contactdat1_.firstname as firstnam6_1_1_, contactdat1_.home as home7_1_1_, contactdat1_.lastname as lastname8_1_1_, contactdat1_.mobile as mobile9_1_1_, contactdat1_.work as work10_1_1_ from address_in_groups contacts0_ inner join addressbook contactdat1_ on contacts0_.id=contactdat1_.id where contacts0_.group_id=?
Hibernate: select contacts0_.group_id as group_id2_0_0_, contacts0_.id as id1_0_0_, contactdat1_.id as id1_1_1_, contactdat1_.address as address2_1_1_, contactdat1_.email as email3_1_1_, contactdat1_.email2 as email4_1_1_, contactdat1_.email3 as email5_1_1_, contactdat1_.firstname as firstnam6_1_1_, contactdat1_.home as home7_1_1_, contactdat1_.lastname as lastname8_1_1_, contactdat1_.mobile as mobile9_1_1_, contactdat1_.work as work10_1_1_ from address_in_groups contacts0_ inner join addressbook contactdat1_ on contacts0_.id=contactdat1_.id where contacts0_.group_id=?
Hibernate: select contacts0_.group_id as group_id2_0_0_, contacts0_.id as id1_0_0_, contactdat1_.id as id1_1_1_, contactdat1_.address as address2_1_1_, contactdat1_.email as email3_1_1_, contactdat1_.email2 as email4_1_1_, contactdat1_.email3 as email5_1_1_, contactdat1_.firstname as firstnam6_1_1_, contactdat1_.home as home7_1_1_, contactdat1_.lastname as lastname8_1_1_, contactdat1_.mobile as mobile9_1_1_, contactdat1_.work as work10_1_1_ from address_in_groups contacts0_ inner join addressbook contactdat1_ on contacts0_.id=contactdat1_.id where contacts0_.group_id=?
Hibernate: select groups0_.id as id1_0_0_, groups0_.group_id as group_id2_0_0_, groupdata1_.group_id as group_id1_2_1_, groupdata1_.group_footer as group_fo2_2_1_, groupdata1_.group_header as group_he3_2_1_, groupdata1_.group_name as group_na4_2_1_ from address_in_groups groups0_ inner join group_list groupdata1_ on groups0_.group_id=groupdata1_.group_id where groups0_.id=?
Hibernate: select groups0_.id as id1_0_0_, groups0_.group_id as group_id2_0_0_, groupdata1_.group_id as group_id1_2_1_, groupdata1_.group_footer as group_fo2_2_1_, groupdata1_.group_header as group_he3_2_1_, groupdata1_.group_name as group_na4_2_1_ from address_in_groups groups0_ inner join group_list groupdata1_ on groups0_.group_id=groupdata1_.group_id where groups0_.id=?
Hibernate: select contacts0_.group_id as group_id2_0_0_, contacts0_.id as id1_0_0_, contactdat1_.id as id1_1_1_, contactdat1_.address as address2_1_1_, contactdat1_.email as email3_1_1_, contactdat1_.email2 as email4_1_1_, contactdat1_.email3 as email5_1_1_, contactdat1_.firstname as firstnam6_1_1_, contactdat1_.home as home7_1_1_, contactdat1_.lastname as lastname8_1_1_, contactdat1_.mobile as mobile9_1_1_, contactdat1_.work as work10_1_1_ from address_in_groups contacts0_ inner join addressbook contactdat1_ on contacts0_.id=contactdat1_.id where contacts0_.group_id=?
Hibernate: select contacts0_.group_id as group_id2_0_0_, contacts0_.id as id1_0_0_, contactdat1_.id as id1_1_1_, contactdat1_.address as address2_1_1_, contactdat1_.email as email3_1_1_, contactdat1_.email2 as email4_1_1_, contactdat1_.email3 as email5_1_1_, contactdat1_.firstname as firstnam6_1_1_, contactdat1_.home as home7_1_1_, contactdat1_.lastname as lastname8_1_1_, contactdat1_.mobile as mobile9_1_1_, contactdat1_.work as work10_1_1_ from address_in_groups contacts0_ inner join addressbook contactdat1_ on contacts0_.id=contactdat1_.id where contacts0_.group_id=?
Hibernate: select contacts0_.group_id as group_id2_0_0_, contacts0_.id as id1_0_0_, contactdat1_.id as id1_1_1_, contactdat1_.address as address2_1_1_, contactdat1_.email as email3_1_1_, contactdat1_.email2 as email4_1_1_, contactdat1_.email3 as email5_1_1_, contactdat1_.firstname as firstnam6_1_1_, contactdat1_.home as home7_1_1_, contactdat1_.lastname as lastname8_1_1_, contactdat1_.mobile as mobile9_1_1_, contactdat1_.work as work10_1_1_ from address_in_groups contacts0_ inner join addressbook contactdat1_ on contacts0_.id=contactdat1_.id where contacts0_.group_id=?
Hibernate: select contacts0_.group_id as group_id2_0_0_, contacts0_.id as id1_0_0_, contactdat1_.id as id1_1_1_, contactdat1_.address as address2_1_1_, contactdat1_.email as email3_1_1_, contactdat1_.email2 as email4_1_1_, contactdat1_.email3 as email5_1_1_, contactdat1_.firstname as firstnam6_1_1_, contactdat1_.home as home7_1_1_, contactdat1_.lastname as lastname8_1_1_, contactdat1_.mobile as mobile9_1_1_, contactdat1_.work as work10_1_1_ from address_in_groups contacts0_ inner join addressbook contactdat1_ on contacts0_.id=contactdat1_.id where contacts0_.group_id=?
Hibernate: select contacts0_.group_id as group_id2_0_0_, contacts0_.id as id1_0_0_, contactdat1_.id as id1_1_1_, contactdat1_.address as address2_1_1_, contactdat1_.email as email3_1_1_, contactdat1_.email2 as email4_1_1_, contactdat1_.email3 as email5_1_1_, contactdat1_.firstname as firstnam6_1_1_, contactdat1_.home as home7_1_1_, contactdat1_.lastname as lastname8_1_1_, contactdat1_.mobile as mobile9_1_1_, contactdat1_.work as work10_1_1_ from address_in_groups contacts0_ inner join addressbook contactdat1_ on contacts0_.id=contactdat1_.id where contacts0_.group_id=?
Hibernate: select contacts0_.group_id as group_id2_0_0_, contacts0_.id as id1_0_0_, contactdat1_.id as id1_1_1_, contactdat1_.address as address2_1_1_, contactdat1_.email as email3_1_1_, contactdat1_.email2 as email4_1_1_, contactdat1_.email3 as email5_1_1_, contactdat1_.firstname as firstnam6_1_1_, contactdat1_.home as home7_1_1_, contactdat1_.lastname as lastname8_1_1_, contactdat1_.mobile as mobile9_1_1_, contactdat1_.work as work10_1_1_ from address_in_groups contacts0_ inner join addressbook contactdat1_ on contacts0_.id=contactdat1_.id where contacts0_.group_id=?
Hibernate: select contacts0_.group_id as group_id2_0_0_, contacts0_.id as id1_0_0_, contactdat1_.id as id1_1_1_, contactdat1_.address as address2_1_1_, contactdat1_.email as email3_1_1_, contactdat1_.email2 as email4_1_1_, contactdat1_.email3 as email5_1_1_, contactdat1_.firstname as firstnam6_1_1_, contactdat1_.home as home7_1_1_, contactdat1_.lastname as lastname8_1_1_, contactdat1_.mobile as mobile9_1_1_, contactdat1_.work as work10_1_1_ from address_in_groups contacts0_ inner join addressbook contactdat1_ on contacts0_.id=contactdat1_.id where contacts0_.group_id=?
Hibernate: select contacts0_.group_id as group_id2_0_0_, contacts0_.id as id1_0_0_, contactdat1_.id as id1_1_1_, contactdat1_.address as address2_1_1_, contactdat1_.email as email3_1_1_, contactdat1_.email2 as email4_1_1_, contactdat1_.email3 as email5_1_1_, contactdat1_.firstname as firstnam6_1_1_, contactdat1_.home as home7_1_1_, contactdat1_.lastname as lastname8_1_1_, contactdat1_.mobile as mobile9_1_1_, contactdat1_.work as work10_1_1_ from address_in_groups contacts0_ inner join addressbook contactdat1_ on contacts0_.id=contactdat1_.id where contacts0_.group_id=?
Hibernate: select contacts0_.group_id as group_id2_0_0_, contacts0_.id as id1_0_0_, contactdat1_.id as id1_1_1_, contactdat1_.address as address2_1_1_, contactdat1_.email as email3_1_1_, contactdat1_.email2 as email4_1_1_, contactdat1_.email3 as email5_1_1_, contactdat1_.firstname as firstnam6_1_1_, contactdat1_.home as home7_1_1_, contactdat1_.lastname as lastname8_1_1_, contactdat1_.mobile as mobile9_1_1_, contactdat1_.work as work10_1_1_ from address_in_groups contacts0_ inner join addressbook contactdat1_ on contacts0_.id=contactdat1_.id where contacts0_.group_id=?
Hibernate: select contacts0_.group_id as group_id2_0_0_, contacts0_.id as id1_0_0_, contactdat1_.id as id1_1_1_, contactdat1_.address as address2_1_1_, contactdat1_.email as email3_1_1_, contactdat1_.email2 as email4_1_1_, contactdat1_.email3 as email5_1_1_, contactdat1_.firstname as firstnam6_1_1_, contactdat1_.home as home7_1_1_, contactdat1_.lastname as lastname8_1_1_, contactdat1_.mobile as mobile9_1_1_, contactdat1_.work as work10_1_1_ from address_in_groups contacts0_ inner join addressbook contactdat1_ on contacts0_.id=contactdat1_.id where contacts0_.group_id=?
Hibernate: select contacts0_.group_id as group_id2_0_0_, contacts0_.id as id1_0_0_, contactdat1_.id as id1_1_1_, contactdat1_.address as address2_1_1_, contactdat1_.email as email3_1_1_, contactdat1_.email2 as email4_1_1_, contactdat1_.email3 as email5_1_1_, contactdat1_.firstname as firstnam6_1_1_, contactdat1_.home as home7_1_1_, contactdat1_.lastname as lastname8_1_1_, contactdat1_.mobile as mobile9_1_1_, contactdat1_.work as work10_1_1_ from address_in_groups contacts0_ inner join addressbook contactdat1_ on contacts0_.id=contactdat1_.id where contacts0_.group_id=?
Hibernate: select contacts0_.group_id as group_id2_0_0_, contacts0_.id as id1_0_0_, contactdat1_.id as id1_1_1_, contactdat1_.address as address2_1_1_, contactdat1_.email as email3_1_1_, contactdat1_.email2 as email4_1_1_, contactdat1_.email3 as email5_1_1_, contactdat1_.firstname as firstnam6_1_1_, contactdat1_.home as home7_1_1_, contactdat1_.lastname as lastname8_1_1_, contactdat1_.mobile as mobile9_1_1_, contactdat1_.work as work10_1_1_ from address_in_groups contacts0_ inner join addressbook contactdat1_ on contacts0_.id=contactdat1_.id where contacts0_.group_id=?
Hibernate: select contacts0_.group_id as group_id2_0_0_, contacts0_.id as id1_0_0_, contactdat1_.id as id1_1_1_, contactdat1_.address as address2_1_1_, contactdat1_.email as email3_1_1_, contactdat1_.email2 as email4_1_1_, contactdat1_.email3 as email5_1_1_, contactdat1_.firstname as firstnam6_1_1_, contactdat1_.home as home7_1_1_, contactdat1_.lastname as lastname8_1_1_, contactdat1_.mobile as mobile9_1_1_, contactdat1_.work as work10_1_1_ from address_in_groups contacts0_ inner join addressbook contactdat1_ on contacts0_.id=contactdat1_.id where contacts0_.group_id=?
Hibernate: select contacts0_.group_id as group_id2_0_0_, contacts0_.id as id1_0_0_, contactdat1_.id as id1_1_1_, contactdat1_.address as address2_1_1_, contactdat1_.email as email3_1_1_, contactdat1_.email2 as email4_1_1_, contactdat1_.email3 as email5_1_1_, contactdat1_.firstname as firstnam6_1_1_, contactdat1_.home as home7_1_1_, contactdat1_.lastname as lastname8_1_1_, contactdat1_.mobile as mobile9_1_1_, contactdat1_.work as work10_1_1_ from address_in_groups contacts0_ inner join addressbook contactdat1_ on contacts0_.id=contactdat1_.id where contacts0_.group_id=?
Hibernate: select contacts0_.group_id as group_id2_0_0_, contacts0_.id as id1_0_0_, contactdat1_.id as id1_1_1_, contactdat1_.address as address2_1_1_, contactdat1_.email as email3_1_1_, contactdat1_.email2 as email4_1_1_, contactdat1_.email3 as email5_1_1_, contactdat1_.firstname as firstnam6_1_1_, contactdat1_.home as home7_1_1_, contactdat1_.lastname as lastname8_1_1_, contactdat1_.mobile as mobile9_1_1_, contactdat1_.work as work10_1_1_ from address_in_groups contacts0_ inner join addressbook contactdat1_ on contacts0_.id=contactdat1_.id where contacts0_.group_id=?
Hibernate: select contacts0_.group_id as group_id2_0_0_, contacts0_.id as id1_0_0_, contactdat1_.id as id1_1_1_, contactdat1_.address as address2_1_1_, contactdat1_.email as email3_1_1_, contactdat1_.email2 as email4_1_1_, contactdat1_.email3 as email5_1_1_, contactdat1_.firstname as firstnam6_1_1_, contactdat1_.home as home7_1_1_, contactdat1_.lastname as lastname8_1_1_, contactdat1_.mobile as mobile9_1_1_, contactdat1_.work as work10_1_1_ from address_in_groups contacts0_ inner join addressbook contactdat1_ on contacts0_.id=contactdat1_.id where contacts0_.group_id=?
Hibernate: select contacts0_.group_id as group_id2_0_0_, contacts0_.id as id1_0_0_, contactdat1_.id as id1_1_1_, contactdat1_.address as address2_1_1_, contactdat1_.email as email3_1_1_, contactdat1_.email2 as email4_1_1_, contactdat1_.email3 as email5_1_1_, contactdat1_.firstname as firstnam6_1_1_, contactdat1_.home as home7_1_1_, contactdat1_.lastname as lastname8_1_1_, contactdat1_.mobile as mobile9_1_1_, contactdat1_.work as work10_1_1_ from address_in_groups contacts0_ inner join addressbook contactdat1_ on contacts0_.id=contactdat1_.id where contacts0_.group_id=?
Hibernate: select contacts0_.group_id as group_id2_0_0_, contacts0_.id as id1_0_0_, contactdat1_.id as id1_1_1_, contactdat1_.address as address2_1_1_, contactdat1_.email as email3_1_1_, contactdat1_.email2 as email4_1_1_, contactdat1_.email3 as email5_1_1_, contactdat1_.firstname as firstnam6_1_1_, contactdat1_.home as home7_1_1_, contactdat1_.lastname as lastname8_1_1_, contactdat1_.mobile as mobile9_1_1_, contactdat1_.work as work10_1_1_ from address_in_groups contacts0_ inner join addressbook contactdat1_ on contacts0_.id=contactdat1_.id where contacts0_.group_id=?
[...]
Hibernate: select contacts0_.group_id as group_id2_0_0_, contacts0_.id as id1_0_0_, contactdat1_.id as id1_1_1_, contactdat1_.address as address2_1_1_, contactdat1_.email as email3_1_1_, contactdat1_.email2 as email4_1_1_, contactdat1_.email3 as email5_1_1_, contactdat1_.firstname as firstnam6_1_1_, contactdat1_.home as home7_1_1_, contactdat1_.lastname as lastname8_1_1_, contactdat1_.mobile as mobile9_1_1_, contactdat1_.work as work10_1_1_ from address_in_groups contacts0_ inner join addressbook contactdat1_ on contacts0_.id=contactdat1_.id where contacts0_.group_id=?
Hibernate: select contacts0_.group_id as group_id2_0_0_, contacts0_.id as id1_0_0_, contactdat1_.id as id1_1_1_, contactdat1_.address as address2_1_1_, contactdat1_.email as email3_1_1_, contactdat1_.email2 as email4_1_1_, contactdat1_.email3 as email5_1_1_, contactdat1_.firstname as firstnam6_1_1_, contactdat1_.home as home7_1_1_, contactdat1_.lastname as lastname8_1_1_, contactdat1_.mobile as mobile9_1_1_, contactdat1_.work as work10_1_1_ from address_in_groups contacts0_ inner join addressbook contactdat1_ on contacts0_.id=contactdat1_.id where contacts0_.group_id=?
Hibernate: select contacts0_.group_id as group_id2_0_0_, contacts0_.id as id1_0_0_, contactdat1_.id as id1_1_1_, contactdat1_.address as address2_1_1_, contactdat1_.email as email3_1_1_, contactdat1_.email2 as email4_1_1_, contactdat1_.email3 as email5_1_1_, contactdat1_.firstname as firstnam6_1_1_, contactdat1_.home as home7_1_1_, contactdat1_.lastname as lastname8_1_1_, contactdat1_.mobile as mobile9_1_1_, contactdat1_.work as work10_1_1_ from address_in_groups contacts0_ inner join addressbook contactdat1_ on contacts0_.id=contactdat1_.id where contacts0_.group_id=?
Hibernate: select contacts0_.group_id as group_id2_0_0_, contacts0_.id as id1_0_0_, contactdat1_.id as id1_1_1_, contactdat1_.address as address2_1_1_, contactdat1_.email as email3_1_1_, contactdat1_.email2 as email4_1_1_, contactdat1_.email3 as email5_1_1_, contactdat1_.firstname as firstnam6_1_1_, contactdat1_.home as home7_1_1_, contactdat1_.lastname as lastname8_1_1_, contactdat1_.mobile as mobile9_1_1_, contactdat1_.work as work10_1_1_ from address_in_groups contacts0_ inner join addressbook contactdat1_ on contacts0_.id=contactdat1_.id where contacts0_.group_id=?
Hibernate: select contacts0_.group_id as group_id2_0_0_, contacts0_.id as id1_0_0_, contactdat1_.id as id1_1_1_, contactdat1_.address as address2_1_1_, contactdat1_.email as email3_1_1_, contactdat1_.email2 as email4_1_1_, contactdat1_.email3 as email5_1_1_, contactdat1_.firstname as firstnam6_1_1_, contactdat1_.home as home7_1_1_, contactdat1_.lastname as lastname8_1_1_, contactdat1_.mobile as mobile9_1_1_, contactdat1_.work as work10_1_1_ from address_in_groups contacts0_ inner join addressbook contactdat1_ on contacts0_.id=contactdat1_.id where contacts0_.group_id=?
Hibernate: select contacts0_.group_id as group_id2_0_0_, contacts0_.id as id1_0_0_, contactdat1_.id as id1_1_1_, contactdat1_.address as address2_1_1_, contactdat1_.email as email3_1_1_, contactdat1_.email2 as email4_1_1_, contactdat1_.email3 as email5_1_1_, contactdat1_.firstname as firstnam6_1_1_, contactdat1_.home as home7_1_1_, contactdat1_.lastname as lastname8_1_1_, contactdat1_.mobile as mobile9_1_1_, contactdat1_.work as work10_1_1_ from address_in_groups contacts0_ inner join addressbook contactdat1_ on contacts0_.id=contactdat1_.id where contacts0_.group_id=?
Hibernate: select contacts0_.group_id as group_id2_0_0_, contacts0_.id as id1_0_0_, contactdat1_.id as id1_1_1_, contactdat1_.address as address2_1_1_, contactdat1_.email as email3_1_1_, contactdat1_.email2 as email4_1_1_, contactdat1_.email3 as email5_1_1_, contactdat1_.firstname as firstnam6_1_1_, contactdat1_.home as home7_1_1_, contactdat1_.lastname as lastname8_1_1_, contactdat1_.mobile as mobile9_1_1_, contactdat1_.work as work10_1_1_ from address_in_groups contacts0_ inner join addressbook contactdat1_ on contacts0_.id=contactdat1_.id where contacts0_.group_id=?
Hibernate: select contacts0_.group_id as group_id2_0_0_, contacts0_.id as id1_0_0_, contactdat1_.id as id1_1_1_, contactdat1_.address as address2_1_1_, contactdat1_.email as email3_1_1_, contactdat1_.email2 as email4_1_1_, contactdat1_.email3 as email5_1_1_, contactdat1_.firstname as firstnam6_1_1_, contactdat1_.home as home7_1_1_, contactdat1_.lastname as lastname8_1_1_, contactdat1_.mobile as mobile9_1_1_, contactdat1_.work as work10_1_1_ from address_in_groups contacts0_ inner join addressbook contactdat1_ on contacts0_.id=contactdat1_.id where contacts0_.group_id=?
Hibernate: select contacts0_.group_id as group_id2_0_0_, contacts0_.id as id1_0_0_, contactdat1_.id as id1_1_1_, contactdat1_.address as address2_1_1_, contactdat1_.email as email3_1_1_, contactdat1_.email2 as email4_1_1_, contactdat1_.email3 as email5_1_1_, contactdat1_.firstname as firstnam6_1_1_, contactdat1_.home as home7_1_1_, contactdat1_.lastname as lastname8_1_1_, contactdat1_.mobile as mobile9_1_1_, contactdat1_.work as work10_1_1_ from address_in_groups contacts0_ inner join addressbook contactdat1_ on contacts0_.id=contactdat1_.id where contacts0_.group_id=?
Hibernate: select contacts0_.group_id as group_id2_0_0_, contacts0_.id as id1_0_0_, contactdat1_.id as id1_1_1_, contactdat1_.address as address2_1_1_, contactdat1_.email as email3_1_1_, contactdat1_.email2 as email4_1_1_, contactdat1_.email3 as email5_1_1_, contactdat1_.firstname as firstnam6_1_1_, contactdat1_.home as home7_1_1_, contactdat1_.lastname as lastname8_1_1_, contactdat1_.mobile as mobile9_1_1_, contactdat1_.work as work10_1_1_ from address_in_groups contacts0_ inner join addressbook contactdat1_ on contacts0_.id=contactdat1_.id where contacts0_.group_id=?
Hibernate: select contacts0_.group_id as group_id2_0_0_, contacts0_.id as id1_0_0_, contactdat1_.id as id1_1_1_, contactdat1_.address as address2_1_1_, contactdat1_.email as email3_1_1_, contactdat1_.email2 as email4_1_1_, contactdat1_.email3 as email5_1_1_, contactdat1_.firstname as firstnam6_1_1_, contactdat1_.home as home7_1_1_, contactdat1_.lastname as lastname8_1_1_, contactdat1_.mobile as mobile9_1_1_, contactdat1_.work as work10_1_1_ from address_in_groups contacts0_ inner join addressbook contactdat1_ on contacts0_.id=contactdat1_.id where contacts0_.group_id=?
Hibernate: select contacts0_.group_id as group_id2_0_0_, contacts0_.id as id1_0_0_, contactdat1_.id as id1_1_1_, contactdat1_.address as address2_1_1_, contactdat1_.email as email3_1_1_, contactdat1_.email2 as email4_1_1_, contactdat1_.email3 as email5_1_1_, contactdat1_.firstname as firstnam6_1_1_, contactdat1_.home as home7_1_1_, contactdat1_.lastname as lastname8_1_1_, contactdat1_.mobile as mobile9_1_1_, contactdat1_.work as work10_1_1_ from address_in_groups contacts0_ inner join addressbook contactdat1_ on contacts0_.id=contactdat1_.id where contacts0_.group_id=?
Hibernate: select contacts0_.group_id as group_id2_0_0_, contacts0_.id as id1_0_0_, contactdat1_.id as id1_1_1_, contactdat1_.address as address2_1_1_, contactdat1_.email as email3_1_1_, contactdat1_.email2 as email4_1_1_, contactdat1_.email3 as email5_1_1_, contactdat1_.firstname as firstnam6_1_1_, contactdat1_.home as home7_1_1_, contactdat1_.lastname as lastname8_1_1_, contactdat1_.mobile as mobile9_1_1_, contactdat1_.work as work10_1_1_ from address_in_groups contacts0_ inner join addressbook contactdat1_ on contacts0_.id=contactdat1_.id where contacts0_.group_id=?
Hibernate: select contacts0_.group_id as group_id2_0_0_, contacts0_.id as id1_0_0_, contactdat1_.id as id1_1_1_, contactdat1_.address as address2_1_1_, contactdat1_.email as email3_1_1_, contactdat1_.email2 as email4_1_1_, contactdat1_.email3 as email5_1_1_, contactdat1_.firstname as firstnam6_1_1_, contactdat1_.home as home7_1_1_, contactdat1_.lastname as lastname8_1_1_, contactdat1_.mobile as mobile9_1_1_, contactdat1_.work as work10_1_1_ from address_in_groups contacts0_ inner join addressbook contactdat1_ on contacts0_.id=contactdat1_.id where contacts0_.group_id=?
Hibernate: select contacts0_.group_id as group_id2_0_0_, contacts0_.id as id1_0_0_, contactdat1_.id as id1_1_1_, contactdat1_.address as address2_1_1_, contactdat1_.email as email3_1_1_, contactdat1_.email2 as email4_1_1_, contactdat1_.email3 as email5_1_1_, contactdat1_.firstname as firstnam6_1_1_, contactdat1_.home as home7_1_1_, contactdat1_.lastname as lastname8_1_1_, contactdat1_.mobile as mobile9_1_1_, contactdat1_.work as work10_1_1_ from address_in_groups contacts0_ inner join addressbook contactdat1_ on contacts0_.id=contactdat1_.id where contacts0_.group_id=?
Hibernate: select contacts0_.group_id as group_id2_0_0_, contacts0_.id as id1_0_0_, contactdat1_.id as id1_1_1_, contactdat1_.address as address2_1_1_, contactdat1_.email as email3_1_1_, contactdat1_.email2 as email4_1_1_, contactdat1_.email3 as email5_1_1_, contactdat1_.firstname as firstnam6_1_1_, contactdat1_.home as home7_1_1_, contactdat1_.lastname as lastname8_1_1_, contactdat1_.mobile as mobile9_1_1_, contactdat1_.work as work10_1_1_ from address_in_groups contacts0_ inner join addressbook contactdat1_ on contacts0_.id=contactdat1_.id where contacts0_.group_id=?
Hibernate: select contacts0_.group_id as group_id2_0_0_, contacts0_.id as id1_0_0_, contactdat1_.id as id1_1_1_, contactdat1_.address as address2_1_1_, contactdat1_.email as email3_1_1_, contactdat1_.email2 as email4_1_1_, contactdat1_.email3 as email5_1_1_, contactdat1_.firstname as firstnam6_1_1_, contactdat1_.home as home7_1_1_, contactdat1_.lastname as lastname8_1_1_, contactdat1_.mobile as mobile9_1_1_, contactdat1_.work as work10_1_1_ from address_in_groups contacts0_ inner join addressbook contactdat1_ on contacts0_.id=contactdat1_.id where contacts0_.group_id=?
Hibernate: select contacts0_.group_id as group_id2_0_0_, contacts0_.id as id1_0_0_, contactdat1_.id as id1_1_1_, contactdat1_.address as address2_1_1_, contactdat1_.email as email3_1_1_, contactdat1_.email2 as email4_1_1_, contactdat1_.email3 as email5_1_1_, contactdat1_.firstname as firstnam6_1_1_, contactdat1_.home as home7_1_1_, contactdat1_.lastname as lastname8_1_1_, contactdat1_.mobile as mobile9_1_1_, contactdat1_.work as work10_1_1_ from address_in_groups contacts0_ inner join addressbook contactdat1_ on contacts0_.id=contactdat1_.id where contacts0_.group_id=?
Hibernate: select contacts0_.group_id as group_id2_0_0_, contacts0_.id as id1_0_0_, contactdat1_.id as id1_1_1_, contactdat1_.address as address2_1_1_, contactdat1_.email as email3_1_1_, contactdat1_.email2 as email4_1_1_, contactdat1_.email3 as email5_1_1_, contactdat1_.firstname as firstnam6_1_1_, contactdat1_.home as home7_1_1_, contactdat1_.lastname as lastname8_1_1_, contactdat1_.mobile as mobile9_1_1_, contactdat1_.work as work10_1_1_ from address_in_groups contacts0_ inner join addressbook contactdat1_ on contacts0_.id=contactdat1_.id where contacts0_.group_id=?
Hibernate: select contacts0_.group_id as group_id2_0_0_, contacts0_.id as id1_0_0_, contactdat1_.id as id1_1_1_, contactdat1_.address as address2_1_1_, contactdat1_.email as email3_1_1_, contactdat1_.email2 as email4_1_1_, contactdat1_.email3 as email5_1_1_, contactdat1_.firstname as firstnam6_1_1_, contactdat1_.home as home7_1_1_, contactdat1_.lastname as lastname8_1_1_, contactdat1_.mobile as mobile9_1_1_, contactdat1_.work as work10_1_1_ from address_in_groups contacts0_ inner join addressbook contactdat1_ on contacts0_.id=contactdat1_.id where contacts0_.group_id=?
Hibernate: select groups0_.id as id1_0_0_, groups0_.group_id as group_id2_0_0_, groupdata1_.group_id as group_id1_2_1_, groupdata1_.group_footer as group_fo2_2_1_, groupdata1_.group_header as group_he3_2_1_, groupdata1_.group_name as group_na4_2_1_ from address_in_groups groups0_ inner join group_list groupdata1_ on groups0_.group_id=groupdata1_.group_id where groups0_.id=?
Hibernate: select contacts0_.group_id as group_id2_0_0_, contacts0_.id as id1_0_0_, contactdat1_.id as id1_1_1_, contactdat1_.address as address2_1_1_, contactdat1_.email as email3_1_1_, contactdat1_.email2 as email4_1_1_, contactdat1_.email3 as email5_1_1_, contactdat1_.firstname as firstnam6_1_1_, contactdat1_.home as home7_1_1_, contactdat1_.lastname as lastname8_1_1_, contactdat1_.mobile as mobile9_1_1_, contactdat1_.work as work10_1_1_ from address_in_groups contacts0_ inner join addressbook contactdat1_ on contacts0_.id=contactdat1_.id where contacts0_.group_id=?
Hibernate: select contacts0_.group_id as group_id2_0_0_, contacts0_.id as id1_0_0_, contactdat1_.id as id1_1_1_, contactdat1_.address as address2_1_1_, contactdat1_.email as email3_1_1_, contactdat1_.email2 as email4_1_1_, contactdat1_.email3 as email5_1_1_, contactdat1_.firstname as firstnam6_1_1_, contactdat1_.home as home7_1_1_, contactdat1_.lastname as lastname8_1_1_, contactdat1_.mobile as mobile9_1_1_, contactdat1_.work as work10_1_1_ from address_in_groups contacts0_ inner join addressbook contactdat1_ on contacts0_.id=contactdat1_.id where contacts0_.group_id=?
Hibernate: select contacts0_.group_id as group_id2_0_0_, contacts0_.id as id1_0_0_, contactdat1_.id as id1_1_1_, contactdat1_.address as address2_1_1_, contactdat1_.email as email3_1_1_, contactdat1_.email2 as email4_1_1_, contactdat1_.email3 as email5_1_1_, contactdat1_.firstname as firstnam6_1_1_, contactdat1_.home as home7_1_1_, contactdat1_.lastname as lastname8_1_1_, contactdat1_.mobile as mobile9_1_1_, contactdat1_.work as work10_1_1_ from address_in_groups contacts0_ inner join addressbook contactdat1_ on contacts0_.id=contactdat1_.id where contacts0_.group_id=?
Hibernate: select contacts0_.group_id as group_id2_0_0_, contacts0_.id as id1_0_0_, contactdat1_.id as id1_1_1_, contactdat1_.address as address2_1_1_, contactdat1_.email as email3_1_1_, contactdat1_.email2 as email4_1_1_, contactdat1_.email3 as email5_1_1_, contactdat1_.firstname as firstnam6_1_1_, contactdat1_.home as home7_1_1_, contactdat1_.lastname as lastname8_1_1_, contactdat1_.mobile as mobile9_1_1_, contactdat1_.work as work10_1_1_ from address_in_groups contacts0_ inner join addressbook contactdat1_ on contacts0_.id=contactdat1_.id where contacts0_.group_id=?
Hibernate: select contacts0_.group_id as group_id2_0_0_, contacts0_.id as id1_0_0_, contactdat1_.id as id1_1_1_, contactdat1_.address as address2_1_1_, contactdat1_.email as email3_1_1_, contactdat1_.email2 as email4_1_1_, contactdat1_.email3 as email5_1_1_, contactdat1_.firstname as firstnam6_1_1_, contactdat1_.home as home7_1_1_, contactdat1_.lastname as lastname8_1_1_, contactdat1_.mobile as mobile9_1_1_, contactdat1_.work as work10_1_1_ from address_in_groups contacts0_ inner join addressbook contactdat1_ on contacts0_.id=contactdat1_.id where contacts0_.group_id=?
Hibernate: select contacts0_.group_id as group_id2_0_0_, contacts0_.id as id1_0_0_, contactdat1_.id as id1_1_1_, contactdat1_.address as address2_1_1_, contactdat1_.email as email3_1_1_, contactdat1_.email2 as email4_1_1_, contactdat1_.email3 as email5_1_1_, contactdat1_.firstname as firstnam6_1_1_, contactdat1_.home as home7_1_1_, contactdat1_.lastname as lastname8_1_1_, contactdat1_.mobile as mobile9_1_1_, contactdat1_.work as work10_1_1_ from address_in_groups contacts0_ inner join addressbook contactdat1_ on contacts0_.id=contactdat1_.id where contacts0_.group_id=?
Hibernate: select contacts0_.group_id as group_id2_0_0_, contacts0_.id as id1_0_0_, contactdat1_.id as id1_1_1_, contactdat1_.address as address2_1_1_, contactdat1_.email as email3_1_1_, contactdat1_.email2 as email4_1_1_, contactdat1_.email3 as email5_1_1_, contactdat1_.firstname as firstnam6_1_1_, contactdat1_.home as home7_1_1_, contactdat1_.lastname as lastname8_1_1_, contactdat1_.mobile as mobile9_1_1_, contactdat1_.work as work10_1_1_ from address_in_groups contacts0_ inner join addressbook contactdat1_ on contacts0_.id=contactdat1_.id where contacts0_.group_id=?
Hibernate: select contacts0_.group_id as group_id2_0_0_, contacts0_.id as id1_0_0_, contactdat1_.id as id1_1_1_, contactdat1_.address as address2_1_1_, contactdat1_.email as email3_1_1_, contactdat1_.email2 as email4_1_1_, contactdat1_.email3 as email5_1_1_, contactdat1_.firstname as firstnam6_1_1_, contactdat1_.home as home7_1_1_, contactdat1_.lastname as lastname8_1_1_, contactdat1_.mobile as mobile9_1_1_, contactdat1_.work as work10_1_1_ from address_in_groups contacts0_ inner join addressbook contactdat1_ on contacts0_.id=contactdat1_.id where contacts0_.group_id=?
Hibernate: select contacts0_.group_id as group_id2_0_0_, contacts0_.id as id1_0_0_, contactdat1_.id as id1_1_1_, contactdat1_.address as address2_1_1_, contactdat1_.email as email3_1_1_, contactdat1_.email2 as email4_1_1_, contactdat1_.email3 as email5_1_1_, contactdat1_.firstname as firstnam6_1_1_, contactdat1_.home as home7_1_1_, contactdat1_.lastname as lastname8_1_1_, contactdat1_.mobile as mobile9_1_1_, contactdat1_.work as work10_1_1_ from address_in_groups contacts0_ inner join addressbook contactdat1_ on contacts0_.id=contactdat1_.id where contacts0_.group_id=?
Hibernate: select contacts0_.group_id as group_id2_0_0_, contacts0_.id as id1_0_0_, contactdat1_.id as id1_1_1_, contactdat1_.address as address2_1_1_, contactdat1_.email as email3_1_1_, contactdat1_.email2 as email4_1_1_, contactdat1_.email3 as email5_1_1_, contactdat1_.firstname as firstnam6_1_1_, contactdat1_.home as home7_1_1_, contactdat1_.lastname as lastname8_1_1_, contactdat1_.mobile as mobile9_1_1_, contactdat1_.work as work10_1_1_ from address_in_groups contacts0_ inner join addressbook contactdat1_ on contacts0_.id=contactdat1_.id where contacts0_.group_id=?
Hibernate: select contacts0_.group_id as group_id2_0_0_, contacts0_.id as id1_0_0_, contactdat1_.id as id1_1_1_, contactdat1_.address as address2_1_1_, contactdat1_.email as email3_1_1_, contactdat1_.email2 as email4_1_1_, contactdat1_.email3 as email5_1_1_, contactdat1_.firstname as firstnam6_1_1_, contactdat1_.home as home7_1_1_, contactdat1_.lastname as lastname8_1_1_, contactdat1_.mobile as mobile9_1_1_, contactdat1_.work as work10_1_1_ from address_in_groups contacts0_ inner join addressbook contactdat1_ on contacts0_.id=contactdat1_.id where contacts0_.group_id=?
Hibernate: select contacts0_.group_id as group_id2_0_0_, contacts0_.id as id1_0_0_, contactdat1_.id as id1_1_1_, contactdat1_.address as address2_1_1_, contactdat1_.email as email3_1_1_, contactdat1_.email2 as email4_1_1_, contactdat1_.email3 as email5_1_1_, contactdat1_.firstname as firstnam6_1_1_, contactdat1_.home as home7_1_1_, contactdat1_.lastname as lastname8_1_1_, contactdat1_.mobile as mobile9_1_1_, contactdat1_.work as work10_1_1_ from address_in_groups contacts0_ inner join addressbook contactdat1_ on contacts0_.id=contactdat1_.id where contacts0_.group_id=?
Hibernate: select contacts0_.group_id as group_id2_0_0_, contacts0_.id as id1_0_0_, contactdat1_.id as id1_1_1_, contactdat1_.address as address2_1_1_, contactdat1_.email as email3_1_1_, contactdat1_.email2 as email4_1_1_, contactdat1_.email3 as email5_1_1_, contactdat1_.firstname as firstnam6_1_1_, contactdat1_.home as home7_1_1_, contactdat1_.lastname as lastname8_1_1_, contactdat1_.mobile as mobile9_1_1_, contactdat1_.work as work10_1_1_ from address_in_groups contacts0_ inner join addressbook contactdat1_ on contacts0_.id=contactdat1_.id where contacts0_.group_id=?
]]></system-out>
  <system-err><![CDATA[]]></system-err>
</testsuite>
